<?xml version="1.0" encoding="UTF-8"?>
<coverage generated="1642207945478" clover="3.2.0">
  <project timestamp="1642207945478" name="All files">
    <metrics statements="46" coveredstatements="43" conditionals="2" coveredconditionals="2" methods="16" coveredmethods="14" elements="64" coveredelements="59" complexity="0" loc="46" ncloc="46" packages="13" files="25" classes="25"/>
    <package name="src">
      <metrics statements="1" coveredstatements="0" conditionals="0" coveredconditionals="0" methods="0" coveredmethods="0"/>
      <file name="index.js" path="/Users/diego.bustamante/Documents/capstone/exercise1/react-apprenticeship-capstone1/src/index.js">
        <metrics statements="1" coveredstatements="0" conditionals="0" coveredconditionals="0" methods="0" coveredmethods="0"/>
        <line num="7" count="0" type="stmt"/>
      </file>
    </package>
    <package name="src.components.App">
      <metrics statements="1" coveredstatements="0" conditionals="0" coveredconditionals="0" methods="1" coveredmethods="0"/>
      <file name="App.component.jsx" path="/Users/diego.bustamante/Documents/capstone/exercise1/react-apprenticeship-capstone1/src/components/App/App.component.jsx">
        <metrics statements="1" coveredstatements="0" conditionals="0" coveredconditionals="0" methods="1" coveredmethods="0"/>
        <line num="7" count="0" type="stmt"/>
      </file>
      <file name="index.js" path="/Users/diego.bustamante/Documents/capstone/exercise1/react-apprenticeship-capstone1/src/components/App/index.js">
        <metrics statements="0" coveredstatements="0" conditionals="0" coveredconditionals="0" methods="0" coveredmethods="0"/>
      </file>
    </package>
    <package name="src.components.Content">
      <metrics statements="3" coveredstatements="3" conditionals="0" coveredconditionals="0" methods="1" coveredmethods="1"/>
      <file name="Content.component.jsx" path="/Users/diego.bustamante/Documents/capstone/exercise1/react-apprenticeship-capstone1/src/components/Content/Content.component.jsx">
        <metrics statements="3" coveredstatements="3" conditionals="0" coveredconditionals="0" methods="1" coveredmethods="1"/>
        <line num="4" count="2" type="stmt"/>
        <line num="12" count="2" type="stmt"/>
        <line num="13" count="2" type="stmt"/>
      </file>
      <file name="index.js" path="/Users/diego.bustamante/Documents/capstone/exercise1/react-apprenticeship-capstone1/src/components/Content/index.js">
        <metrics statements="0" coveredstatements="0" conditionals="0" coveredconditionals="0" methods="0" coveredmethods="0"/>
      </file>
    </package>
    <package name="src.components.Content.ListPreviewVideo">
      <metrics statements="10" coveredstatements="10" conditionals="2" coveredconditionals="2" methods="4" coveredmethods="4"/>
      <file name="ListPreviewVideo.component.jsx" path="/Users/diego.bustamante/Documents/capstone/exercise1/react-apprenticeship-capstone1/src/components/Content/ListPreviewVideo/ListPreviewVideo.component.jsx">
        <metrics statements="10" coveredstatements="10" conditionals="2" coveredconditionals="2" methods="4" coveredmethods="4"/>
        <line num="5" count="2" type="stmt"/>
        <line num="14" count="2" type="stmt"/>
        <line num="15" count="3" type="stmt"/>
        <line num="17" count="3" type="stmt"/>
        <line num="18" count="2" type="stmt"/>
        <line num="19" count="2" type="stmt"/>
        <line num="20" count="1" type="stmt"/>
        <line num="21" count="1" type="stmt"/>
        <line num="25" count="3" type="stmt"/>
        <line num="29" count="24" type="stmt"/>
      </file>
      <file name="index.js" path="/Users/diego.bustamante/Documents/capstone/exercise1/react-apprenticeship-capstone1/src/components/Content/ListPreviewVideo/index.js">
        <metrics statements="0" coveredstatements="0" conditionals="0" coveredconditionals="0" methods="0" coveredmethods="0"/>
      </file>
    </package>
    <package name="src.components.Content.ListPreviewVideo.PreviewVideoCard">
      <metrics statements="3" coveredstatements="3" conditionals="0" coveredconditionals="0" methods="1" coveredmethods="1"/>
      <file name="PreviewVideoCard.component.jsx" path="/Users/diego.bustamante/Documents/capstone/exercise1/react-apprenticeship-capstone1/src/components/Content/ListPreviewVideo/PreviewVideoCard/PreviewVideoCard.component.jsx">
        <metrics statements="3" coveredstatements="3" conditionals="0" coveredconditionals="0" methods="1" coveredmethods="1"/>
        <line num="4" count="3" type="stmt"/>
        <line num="43" count="3" type="stmt"/>
        <line num="44" count="25" type="stmt"/>
      </file>
      <file name="index.js" path="/Users/diego.bustamante/Documents/capstone/exercise1/react-apprenticeship-capstone1/src/components/Content/ListPreviewVideo/PreviewVideoCard/index.js">
        <metrics statements="0" coveredstatements="0" conditionals="0" coveredconditionals="0" methods="0" coveredmethods="0"/>
      </file>
    </package>
    <package name="src.components.Header">
      <metrics statements="3" coveredstatements="3" conditionals="0" coveredconditionals="0" methods="1" coveredmethods="1"/>
      <file name="Header.component.jsx" path="/Users/diego.bustamante/Documents/capstone/exercise1/react-apprenticeship-capstone1/src/components/Header/Header.component.jsx">
        <metrics statements="3" coveredstatements="3" conditionals="0" coveredconditionals="0" methods="1" coveredmethods="1"/>
        <line num="10" count="2" type="stmt"/>
        <line num="22" count="2" type="stmt"/>
        <line num="23" count="2" type="stmt"/>
      </file>
      <file name="index.js" path="/Users/diego.bustamante/Documents/capstone/exercise1/react-apprenticeship-capstone1/src/components/Header/index.js">
        <metrics statements="0" coveredstatements="0" conditionals="0" coveredconditionals="0" methods="0" coveredmethods="0"/>
      </file>
    </package>
    <package name="src.components.Header.BurgerMenu">
      <metrics statements="3" coveredstatements="3" conditionals="0" coveredconditionals="0" methods="1" coveredmethods="1"/>
      <file name="BurgerMenu.component.jsx" path="/Users/diego.bustamante/Documents/capstone/exercise1/react-apprenticeship-capstone1/src/components/Header/BurgerMenu/BurgerMenu.component.jsx">
        <metrics statements="3" coveredstatements="3" conditionals="0" coveredconditionals="0" methods="1" coveredmethods="1"/>
        <line num="5" count="4" type="stmt"/>
        <line num="11" count="4" type="stmt"/>
        <line num="12" count="4" type="stmt"/>
      </file>
      <file name="index.js" path="/Users/diego.bustamante/Documents/capstone/exercise1/react-apprenticeship-capstone1/src/components/Header/BurgerMenu/index.js">
        <metrics statements="0" coveredstatements="0" conditionals="0" coveredconditionals="0" methods="0" coveredmethods="0"/>
      </file>
    </package>
    <package name="src.components.Header.LeftSideHeader">
      <metrics statements="3" coveredstatements="3" conditionals="0" coveredconditionals="0" methods="1" coveredmethods="1"/>
      <file name="LeftSideHeader.component.jsx" path="/Users/diego.bustamante/Documents/capstone/exercise1/react-apprenticeship-capstone1/src/components/Header/LeftSideHeader/LeftSideHeader.component.jsx">
        <metrics statements="3" coveredstatements="3" conditionals="0" coveredconditionals="0" methods="1" coveredmethods="1"/>
        <line num="4" count="3" type="stmt"/>
        <line num="22" count="3" type="stmt"/>
        <line num="23" count="3" type="stmt"/>
      </file>
      <file name="index.js" path="/Users/diego.bustamante/Documents/capstone/exercise1/react-apprenticeship-capstone1/src/components/Header/LeftSideHeader/index.js">
        <metrics statements="0" coveredstatements="0" conditionals="0" coveredconditionals="0" methods="0" coveredmethods="0"/>
      </file>
    </package>
    <package name="src.components.Header.LoginButton">
      <metrics statements="3" coveredstatements="3" conditionals="0" coveredconditionals="0" methods="1" coveredmethods="1"/>
      <file name="LoginButton.component.jsx" path="/Users/diego.bustamante/Documents/capstone/exercise1/react-apprenticeship-capstone1/src/components/Header/LoginButton/LoginButton.component.jsx">
        <metrics statements="3" coveredstatements="3" conditionals="0" coveredconditionals="0" methods="1" coveredmethods="1"/>
        <line num="5" count="4" type="stmt"/>
        <line num="11" count="4" type="stmt"/>
        <line num="12" count="4" type="stmt"/>
      </file>
      <file name="index.js" path="/Users/diego.bustamante/Documents/capstone/exercise1/react-apprenticeship-capstone1/src/components/Header/LoginButton/index.js">
        <metrics statements="0" coveredstatements="0" conditionals="0" coveredconditionals="0" methods="0" coveredmethods="0"/>
      </file>
    </package>
    <package name="src.components.Header.RigthSideHeader">
      <metrics statements="3" coveredstatements="3" conditionals="0" coveredconditionals="0" methods="1" coveredmethods="1"/>
      <file name="RightSideHeader.component.jsx" path="/Users/diego.bustamante/Documents/capstone/exercise1/react-apprenticeship-capstone1/src/components/Header/RigthSideHeader/RightSideHeader.component.jsx">
        <metrics statements="3" coveredstatements="3" conditionals="0" coveredconditionals="0" methods="1" coveredmethods="1"/>
        <line num="4" count="3" type="stmt"/>
        <line num="18" count="3" type="stmt"/>
        <line num="19" count="3" type="stmt"/>
      </file>
      <file name="index.js" path="/Users/diego.bustamante/Documents/capstone/exercise1/react-apprenticeship-capstone1/src/components/Header/RigthSideHeader/index.js">
        <metrics statements="0" coveredstatements="0" conditionals="0" coveredconditionals="0" methods="0" coveredmethods="0"/>
      </file>
    </package>
    <package name="src.components.Header.SearchBar">
      <metrics statements="3" coveredstatements="3" conditionals="0" coveredconditionals="0" methods="1" coveredmethods="1"/>
      <file name="SearchBar.component.jsx" path="/Users/diego.bustamante/Documents/capstone/exercise1/react-apprenticeship-capstone1/src/components/Header/SearchBar/SearchBar.component.jsx">
        <metrics statements="3" coveredstatements="3" conditionals="0" coveredconditionals="0" methods="1" coveredmethods="1"/>
        <line num="4" count="4" type="stmt"/>
        <line num="18" count="4" type="stmt"/>
        <line num="19" count="4" type="stmt"/>
      </file>
      <file name="index.js" path="/Users/diego.bustamante/Documents/capstone/exercise1/react-apprenticeship-capstone1/src/components/Header/SearchBar/index.js">
        <metrics statements="0" coveredstatements="0" conditionals="0" coveredconditionals="0" methods="0" coveredmethods="0"/>
      </file>
    </package>
    <package name="src.components.Header.ThemeToggle">
      <metrics statements="8" coveredstatements="7" conditionals="0" coveredconditionals="0" methods="2" coveredmethods="1"/>
      <file name="ThemeToggle.component.jsx" path="/Users/diego.bustamante/Documents/capstone/exercise1/react-apprenticeship-capstone1/src/components/Header/ThemeToggle/ThemeToggle.component.jsx">
        <metrics statements="8" coveredstatements="7" conditionals="0" coveredconditionals="0" methods="2" coveredmethods="1"/>
        <line num="5" count="4" type="stmt"/>
        <line num="12" count="4" type="stmt"/>
        <line num="35" count="4" type="stmt"/>
        <line num="48" count="4" type="stmt"/>
        <line num="49" count="4" type="stmt"/>
        <line num="51" count="4" type="stmt"/>
        <line num="52" count="0" type="stmt"/>
        <line num="55" count="4" type="stmt"/>
      </file>
      <file name="index.js" path="/Users/diego.bustamante/Documents/capstone/exercise1/react-apprenticeship-capstone1/src/components/Header/ThemeToggle/index.js">
        <metrics statements="0" coveredstatements="0" conditionals="0" coveredconditionals="0" methods="0" coveredmethods="0"/>
      </file>
    </package>
    <package name="src.pages.Home">
      <metrics statements="2" coveredstatements="2" conditionals="0" coveredconditionals="0" methods="1" coveredmethods="1"/>
      <file name="Home.page.jsx" path="/Users/diego.bustamante/Documents/capstone/exercise1/react-apprenticeship-capstone1/src/pages/Home/Home.page.jsx">
        <metrics statements="2" coveredstatements="2" conditionals="0" coveredconditionals="0" methods="1" coveredmethods="1"/>
        <line num="8" count="1" type="stmt"/>
        <line num="10" count="1" type="stmt"/>
      </file>
      <file name="index.js" path="/Users/diego.bustamante/Documents/capstone/exercise1/react-apprenticeship-capstone1/src/pages/Home/index.js">
        <metrics statements="0" coveredstatements="0" conditionals="0" coveredconditionals="0" methods="0" coveredmethods="0"/>
      </file>
    </package>
  </project>
</coverage>
