{"/Users/diego.bustamante/Documents/capstone/exercise1/react-apprenticeship-capstone1/src/index.js": {"path":"/Users/diego.bustamante/Documents/capstone/exercise1/react-apprenticeship-capstone1/src/index.js","statementMap":{"0":{"start":{"line":7,"column":0},"end":{"line":12,"column":2}}},"fnMap":{},"branchMap":{},"s":{"0":0},"f":{},"b":{},"hash":"696fc31c1afb6add11c7cebd12eb571c7569da7d"}
,"/Users/diego.bustamante/Documents/capstone/exercise1/react-apprenticeship-capstone1/src/components/App/App.component.jsx": {"path":"/Users/diego.bustamante/Documents/capstone/exercise1/react-apprenticeship-capstone1/src/components/App/App.component.jsx","statementMap":{"0":{"start":{"line":8,"column":38},"end":{"line":8,"column":50}},"1":{"start":{"line":9,"column":2},"end":{"line":24,"column":4}}},"fnMap":{"0":{"name":"App","decl":{"start":{"line":7,"column":9},"end":{"line":7,"column":12}},"loc":{"start":{"line":7,"column":15},"end":{"line":25,"column":1}},"line":7}},"branchMap":{},"s":{"0":0,"1":0},"f":{"0":0},"b":{},"hash":"f8a7b6febba4eb5593427151879ef82ed867f7a8"}
,"/Users/diego.bustamante/Documents/capstone/exercise1/react-apprenticeship-capstone1/src/components/App/index.js": {"path":"/Users/diego.bustamante/Documents/capstone/exercise1/react-apprenticeship-capstone1/src/components/App/index.js","statementMap":{},"fnMap":{},"branchMap":{},"s":{},"f":{},"b":{},"hash":"2d3110abf45f741e8d5820931c9c67ad45b56233"}
,"/Users/diego.bustamante/Documents/capstone/exercise1/react-apprenticeship-capstone1/src/components/Content/Content.component.jsx": {"path":"/Users/diego.bustamante/Documents/capstone/exercise1/react-apprenticeship-capstone1/src/components/Content/Content.component.jsx","statementMap":{"0":{"start":{"line":4,"column":16},"end":{"line":6,"column":1}},"1":{"start":{"line":5,"column":2},"end":{"line":5,"column":43}}},"fnMap":{"0":{"name":"(anonymous_0)","decl":{"start":{"line":4,"column":16},"end":{"line":4,"column":17}},"loc":{"start":{"line":4,"column":34},"end":{"line":6,"column":1}},"line":4}},"branchMap":{},"s":{"0":2,"1":2},"f":{"0":2},"b":{},"_coverageSchema":"43e27e138ebf9cfc5966b082cf9a028302ed4184","hash":"a1b1fb14fc6a2e8fc75e68a9c5f7078e5f2c31a5"}
,"/Users/diego.bustamante/Documents/capstone/exercise1/react-apprenticeship-capstone1/src/components/Content/Content.styles.js": {"path":"/Users/diego.bustamante/Documents/capstone/exercise1/react-apprenticeship-capstone1/src/components/Content/Content.styles.js","statementMap":{"0":{"start":{"line":3,"column":25},"end":{"line":9,"column":1}}},"fnMap":{},"branchMap":{},"s":{"0":2},"f":{},"b":{},"_coverageSchema":"43e27e138ebf9cfc5966b082cf9a028302ed4184","hash":"ca4b7f4281067eec7f7bcb76c970aa69f59db17a"}
,"/Users/diego.bustamante/Documents/capstone/exercise1/react-apprenticeship-capstone1/src/components/Content/index.js": {"path":"/Users/diego.bustamante/Documents/capstone/exercise1/react-apprenticeship-capstone1/src/components/Content/index.js","statementMap":{},"fnMap":{},"branchMap":{},"s":{},"f":{},"b":{},"hash":"1d6660b513f05bd0c72b9b020e940256f23c788a"}
,"/Users/diego.bustamante/Documents/capstone/exercise1/react-apprenticeship-capstone1/src/components/Content/ListPreviewVideo/ListPreviewVideo.component.jsx": {"path":"/Users/diego.bustamante/Documents/capstone/exercise1/react-apprenticeship-capstone1/src/components/Content/ListPreviewVideo/ListPreviewVideo.component.jsx","statementMap":{"0":{"start":{"line":7,"column":25},"end":{"line":27,"column":1}},"1":{"start":{"line":8,"column":31},"end":{"line":8,"column":68}},"2":{"start":{"line":11,"column":2},"end":{"line":18,"column":3}},"3":{"start":{"line":12,"column":4},"end":{"line":17,"column":6}},"4":{"start":{"line":20,"column":2},"end":{"line":26,"column":4}},"5":{"start":{"line":23,"column":8},"end":{"line":23,"column":69}}},"fnMap":{"0":{"name":"(anonymous_0)","decl":{"start":{"line":7,"column":25},"end":{"line":7,"column":26}},"loc":{"start":{"line":7,"column":45},"end":{"line":27,"column":1}},"line":7},"1":{"name":"(anonymous_1)","decl":{"start":{"line":22,"column":22},"end":{"line":22,"column":23}},"loc":{"start":{"line":22,"column":32},"end":{"line":24,"column":7}},"line":22}},"branchMap":{"0":{"loc":{"start":{"line":11,"column":2},"end":{"line":18,"column":3}},"type":"if","locations":[{"start":{"line":11,"column":2},"end":{"line":18,"column":3}},{"start":{"line":11,"column":2},"end":{"line":18,"column":3}}],"line":11}},"s":{"0":2,"1":3,"2":3,"3":2,"4":1,"5":25},"f":{"0":3,"1":25},"b":{"0":[2,1]},"_coverageSchema":"43e27e138ebf9cfc5966b082cf9a028302ed4184","hash":"aabd92a4b61531573ace0b5428991c6afa8600dc"}
,"/Users/diego.bustamante/Documents/capstone/exercise1/react-apprenticeship-capstone1/src/components/Content/ListPreviewVideo/ListPreviewVideo.styles.js": {"path":"/Users/diego.bustamante/Documents/capstone/exercise1/react-apprenticeship-capstone1/src/components/Content/ListPreviewVideo/ListPreviewVideo.styles.js","statementMap":{"0":{"start":{"line":3,"column":25},"end":{"line":24,"column":1}}},"fnMap":{},"branchMap":{},"s":{"0":2},"f":{},"b":{},"_coverageSchema":"43e27e138ebf9cfc5966b082cf9a028302ed4184","hash":"ef905731ed75bbc5f95aec6a8696c0de0ae9412d"}
,"/Users/diego.bustamante/Documents/capstone/exercise1/react-apprenticeship-capstone1/src/components/Content/ListPreviewVideo/index.js": {"path":"/Users/diego.bustamante/Documents/capstone/exercise1/react-apprenticeship-capstone1/src/components/Content/ListPreviewVideo/index.js","statementMap":{},"fnMap":{},"branchMap":{},"s":{},"f":{},"b":{},"_coverageSchema":"43e27e138ebf9cfc5966b082cf9a028302ed4184","hash":"bf0e32506ef39cb15903e2ecb5f1b14d624b36db"}
,"/Users/diego.bustamante/Documents/capstone/exercise1/react-apprenticeship-capstone1/src/components/Content/ListPreviewVideo/PreviewVideoCard/PreviewVideoCard.component.jsx": {"path":"/Users/diego.bustamante/Documents/capstone/exercise1/react-apprenticeship-capstone1/src/components/Content/ListPreviewVideo/PreviewVideoCard/PreviewVideoCard.component.jsx","statementMap":{"0":{"start":{"line":4,"column":25},"end":{"line":14,"column":1}},"1":{"start":{"line":5,"column":22},"end":{"line":5,"column":34}},"2":{"start":{"line":6,"column":45},"end":{"line":6,"column":62}},"3":{"start":{"line":7,"column":2},"end":{"line":13,"column":4}}},"fnMap":{"0":{"name":"(anonymous_0)","decl":{"start":{"line":4,"column":25},"end":{"line":4,"column":26}},"loc":{"start":{"line":4,"column":44},"end":{"line":14,"column":1}},"line":4}},"branchMap":{},"s":{"0":3,"1":26,"2":26,"3":26},"f":{"0":26},"b":{},"_coverageSchema":"43e27e138ebf9cfc5966b082cf9a028302ed4184","hash":"1fe3880acfcc2ad76989f2cc862c4e850afd0017"}
,"/Users/diego.bustamante/Documents/capstone/exercise1/react-apprenticeship-capstone1/src/components/Content/ListPreviewVideo/PreviewVideoCard/PreviewVideoCard.styles.js": {"path":"/Users/diego.bustamante/Documents/capstone/exercise1/react-apprenticeship-capstone1/src/components/Content/ListPreviewVideo/PreviewVideoCard/PreviewVideoCard.styles.js","statementMap":{"0":{"start":{"line":4,"column":24},"end":{"line":52,"column":1}}},"fnMap":{},"branchMap":{},"s":{"0":3},"f":{},"b":{},"_coverageSchema":"43e27e138ebf9cfc5966b082cf9a028302ed4184","hash":"50c7d3729744d1605e42f495db59ee35b960c2a2"}
,"/Users/diego.bustamante/Documents/capstone/exercise1/react-apprenticeship-capstone1/src/components/Content/ListPreviewVideo/PreviewVideoCard/index.js": {"path":"/Users/diego.bustamante/Documents/capstone/exercise1/react-apprenticeship-capstone1/src/components/Content/ListPreviewVideo/PreviewVideoCard/index.js","statementMap":{},"fnMap":{},"branchMap":{},"s":{},"f":{},"b":{},"hash":"27e11403236b4d4d999cdcf85d8f732904d82a2a"}
,"/Users/diego.bustamante/Documents/capstone/exercise1/react-apprenticeship-capstone1/src/components/Header/Header.component.jsx": {"path":"/Users/diego.bustamante/Documents/capstone/exercise1/react-apprenticeship-capstone1/src/components/Header/Header.component.jsx","statementMap":{"0":{"start":{"line":10,"column":15},"end":{"line":25,"column":1}},"1":{"start":{"line":11,"column":16},"end":{"line":11,"column":33}},"2":{"start":{"line":13,"column":2},"end":{"line":24,"column":4}}},"fnMap":{"0":{"name":"(anonymous_0)","decl":{"start":{"line":10,"column":15},"end":{"line":10,"column":16}},"loc":{"start":{"line":10,"column":38},"end":{"line":25,"column":1}},"line":10}},"branchMap":{},"s":{"0":1,"1":1,"2":1},"f":{"0":1},"b":{},"_coverageSchema":"43e27e138ebf9cfc5966b082cf9a028302ed4184","hash":"8f89ff4ffe152d3639c7f138a38359e53aeca318"}
,"/Users/diego.bustamante/Documents/capstone/exercise1/react-apprenticeship-capstone1/src/components/Header/Header.styles.js": {"path":"/Users/diego.bustamante/Documents/capstone/exercise1/react-apprenticeship-capstone1/src/components/Header/Header.styles.js","statementMap":{"0":{"start":{"line":3,"column":22},"end":{"line":13,"column":1}}},"fnMap":{},"branchMap":{},"s":{"0":1},"f":{},"b":{},"_coverageSchema":"43e27e138ebf9cfc5966b082cf9a028302ed4184","hash":"34cdb00ec475273974147584022c3ac5abc432f3"}
,"/Users/diego.bustamante/Documents/capstone/exercise1/react-apprenticeship-capstone1/src/components/Header/index.js": {"path":"/Users/diego.bustamante/Documents/capstone/exercise1/react-apprenticeship-capstone1/src/components/Header/index.js","statementMap":{},"fnMap":{},"branchMap":{},"s":{},"f":{},"b":{},"hash":"72d3870bce0b701751d2347fe8ce9693d1393b13"}
,"/Users/diego.bustamante/Documents/capstone/exercise1/react-apprenticeship-capstone1/src/components/Header/BurgerMenu/BurgerMenu.component.jsx": {"path":"/Users/diego.bustamante/Documents/capstone/exercise1/react-apprenticeship-capstone1/src/components/Header/BurgerMenu/BurgerMenu.component.jsx","statementMap":{"0":{"start":{"line":4,"column":19},"end":{"line":6,"column":1}},"1":{"start":{"line":5,"column":2},"end":{"line":5,"column":47}}},"fnMap":{"0":{"name":"(anonymous_0)","decl":{"start":{"line":4,"column":19},"end":{"line":4,"column":20}},"loc":{"start":{"line":4,"column":25},"end":{"line":6,"column":1}},"line":4}},"branchMap":{},"s":{"0":3,"1":3},"f":{"0":3},"b":{},"_coverageSchema":"43e27e138ebf9cfc5966b082cf9a028302ed4184","hash":"20c5f52e1bac8737d286a5a745a8e7f70f0f73a6"}
,"/Users/diego.bustamante/Documents/capstone/exercise1/react-apprenticeship-capstone1/src/components/Header/BurgerMenu/BurgerMenu.styles.js": {"path":"/Users/diego.bustamante/Documents/capstone/exercise1/react-apprenticeship-capstone1/src/components/Header/BurgerMenu/BurgerMenu.styles.js","statementMap":{"0":{"start":{"line":4,"column":24},"end":{"line":8,"column":1}}},"fnMap":{},"branchMap":{},"s":{"0":3},"f":{},"b":{},"_coverageSchema":"43e27e138ebf9cfc5966b082cf9a028302ed4184","hash":"1e67702bb943ced630aff540be30b339c67d921a"}
,"/Users/diego.bustamante/Documents/capstone/exercise1/react-apprenticeship-capstone1/src/components/Header/BurgerMenu/index.js": {"path":"/Users/diego.bustamante/Documents/capstone/exercise1/react-apprenticeship-capstone1/src/components/Header/BurgerMenu/index.js","statementMap":{},"fnMap":{},"branchMap":{},"s":{},"f":{},"b":{},"_coverageSchema":"43e27e138ebf9cfc5966b082cf9a028302ed4184","hash":"62fcad32c2cfbf2cdeeae0311f0ca3e1cfce485f"}
,"/Users/diego.bustamante/Documents/capstone/exercise1/react-apprenticeship-capstone1/src/components/Header/LeftSideHeader/LeftSideHeader.component.jsx": {"path":"/Users/diego.bustamante/Documents/capstone/exercise1/react-apprenticeship-capstone1/src/components/Header/LeftSideHeader/LeftSideHeader.component.jsx","statementMap":{"0":{"start":{"line":4,"column":23},"end":{"line":6,"column":1}},"1":{"start":{"line":5,"column":2},"end":{"line":5,"column":47}}},"fnMap":{"0":{"name":"(anonymous_0)","decl":{"start":{"line":4,"column":23},"end":{"line":4,"column":24}},"loc":{"start":{"line":4,"column":41},"end":{"line":6,"column":1}},"line":4}},"branchMap":{},"s":{"0":2,"1":2},"f":{"0":2},"b":{},"_coverageSchema":"43e27e138ebf9cfc5966b082cf9a028302ed4184","hash":"852245b15a9a595cc38624249ec011c96b9d3fc3"}
,"/Users/diego.bustamante/Documents/capstone/exercise1/react-apprenticeship-capstone1/src/components/Header/LeftSideHeader/LeftSideHeader.styles.js": {"path":"/Users/diego.bustamante/Documents/capstone/exercise1/react-apprenticeship-capstone1/src/components/Header/LeftSideHeader/LeftSideHeader.styles.js","statementMap":{"0":{"start":{"line":3,"column":27},"end":{"line":19,"column":1}}},"fnMap":{},"branchMap":{},"s":{"0":2},"f":{},"b":{},"_coverageSchema":"43e27e138ebf9cfc5966b082cf9a028302ed4184","hash":"919a896a2be4f7424b4eba81727f9af6c6b2c549"}
,"/Users/diego.bustamante/Documents/capstone/exercise1/react-apprenticeship-capstone1/src/components/Header/LeftSideHeader/index.js": {"path":"/Users/diego.bustamante/Documents/capstone/exercise1/react-apprenticeship-capstone1/src/components/Header/LeftSideHeader/index.js","statementMap":{},"fnMap":{},"branchMap":{},"s":{},"f":{},"b":{},"_coverageSchema":"43e27e138ebf9cfc5966b082cf9a028302ed4184","hash":"b0d77c5476bde3a915b77d4895fb512a1defbb97"}
,"/Users/diego.bustamante/Documents/capstone/exercise1/react-apprenticeship-capstone1/src/components/Header/LoginButton/LoginButton.component.jsx": {"path":"/Users/diego.bustamante/Documents/capstone/exercise1/react-apprenticeship-capstone1/src/components/Header/LoginButton/LoginButton.component.jsx","statementMap":{"0":{"start":{"line":4,"column":20},"end":{"line":6,"column":1}},"1":{"start":{"line":5,"column":2},"end":{"line":5,"column":52}}},"fnMap":{"0":{"name":"(anonymous_0)","decl":{"start":{"line":4,"column":20},"end":{"line":4,"column":21}},"loc":{"start":{"line":4,"column":26},"end":{"line":6,"column":1}},"line":4}},"branchMap":{},"s":{"0":3,"1":3},"f":{"0":3},"b":{},"_coverageSchema":"43e27e138ebf9cfc5966b082cf9a028302ed4184","hash":"d5ac867605d680ab34910b44be3810d85fa60cb9"}
,"/Users/diego.bustamante/Documents/capstone/exercise1/react-apprenticeship-capstone1/src/components/Header/LoginButton/LoginButton.styles.js": {"path":"/Users/diego.bustamante/Documents/capstone/exercise1/react-apprenticeship-capstone1/src/components/Header/LoginButton/LoginButton.styles.js","statementMap":{"0":{"start":{"line":4,"column":28},"end":{"line":8,"column":1}}},"fnMap":{},"branchMap":{},"s":{"0":3},"f":{},"b":{},"_coverageSchema":"43e27e138ebf9cfc5966b082cf9a028302ed4184","hash":"d614a100a86faa62e5f02ed7585644f4abe22466"}
,"/Users/diego.bustamante/Documents/capstone/exercise1/react-apprenticeship-capstone1/src/components/Header/LoginButton/index.js": {"path":"/Users/diego.bustamante/Documents/capstone/exercise1/react-apprenticeship-capstone1/src/components/Header/LoginButton/index.js","statementMap":{},"fnMap":{},"branchMap":{},"s":{},"f":{},"b":{},"_coverageSchema":"43e27e138ebf9cfc5966b082cf9a028302ed4184","hash":"5050ada5b2132910a283a14f52b3d1e52816df88"}
,"/Users/diego.bustamante/Documents/capstone/exercise1/react-apprenticeship-capstone1/src/components/Header/RigthSideHeader/RIghtSideHeader.styles.js": {"path":"/Users/diego.bustamante/Documents/capstone/exercise1/react-apprenticeship-capstone1/src/components/Header/RigthSideHeader/RIghtSideHeader.styles.js","statementMap":{"0":{"start":{"line":3,"column":28},"end":{"line":15,"column":1}}},"fnMap":{},"branchMap":{},"s":{"0":2},"f":{},"b":{},"_coverageSchema":"43e27e138ebf9cfc5966b082cf9a028302ed4184","hash":"1ad842503a788306d51c8bcd05b9b49a2ee9c638"}
,"/Users/diego.bustamante/Documents/capstone/exercise1/react-apprenticeship-capstone1/src/components/Header/RigthSideHeader/RightSideHeader.component.jsx": {"path":"/Users/diego.bustamante/Documents/capstone/exercise1/react-apprenticeship-capstone1/src/components/Header/RigthSideHeader/RightSideHeader.component.jsx","statementMap":{"0":{"start":{"line":4,"column":24},"end":{"line":6,"column":1}},"1":{"start":{"line":5,"column":2},"end":{"line":5,"column":49}}},"fnMap":{"0":{"name":"(anonymous_0)","decl":{"start":{"line":4,"column":24},"end":{"line":4,"column":25}},"loc":{"start":{"line":4,"column":42},"end":{"line":6,"column":1}},"line":4}},"branchMap":{},"s":{"0":2,"1":2},"f":{"0":2},"b":{},"_coverageSchema":"43e27e138ebf9cfc5966b082cf9a028302ed4184","hash":"c9d65e7f399fa62ae6640c5c60babb219fefabe1"}
,"/Users/diego.bustamante/Documents/capstone/exercise1/react-apprenticeship-capstone1/src/components/Header/RigthSideHeader/index.js": {"path":"/Users/diego.bustamante/Documents/capstone/exercise1/react-apprenticeship-capstone1/src/components/Header/RigthSideHeader/index.js","statementMap":{},"fnMap":{},"branchMap":{},"s":{},"f":{},"b":{},"_coverageSchema":"43e27e138ebf9cfc5966b082cf9a028302ed4184","hash":"a7b05415b60590823216df5b8ff81c27cf364499"}
,"/Users/diego.bustamante/Documents/capstone/exercise1/react-apprenticeship-capstone1/src/components/Header/SearchBar/SearchBar.component.jsx": {"path":"/Users/diego.bustamante/Documents/capstone/exercise1/react-apprenticeship-capstone1/src/components/Header/SearchBar/SearchBar.component.jsx","statementMap":{"0":{"start":{"line":5,"column":18},"end":{"line":30,"column":1}},"1":{"start":{"line":6,"column":38},"end":{"line":6,"column":50}},"2":{"start":{"line":8,"column":18},"end":{"line":8,"column":30}},"3":{"start":{"line":10,"column":24},"end":{"line":12,"column":3}},"4":{"start":{"line":11,"column":4},"end":{"line":11,"column":34}},"5":{"start":{"line":14,"column":25},"end":{"line":19,"column":3}},"6":{"start":{"line":15,"column":4},"end":{"line":18,"column":5}},"7":{"start":{"line":16,"column":6},"end":{"line":16,"column":36}},"8":{"start":{"line":17,"column":6},"end":{"line":17,"column":24}},"9":{"start":{"line":21,"column":2},"end":{"line":29,"column":4}},"10":{"start":{"line":26,"column":23},"end":{"line":26,"column":39}},"11":{"start":{"line":27,"column":25},"end":{"line":27,"column":42}}},"fnMap":{"0":{"name":"(anonymous_0)","decl":{"start":{"line":5,"column":18},"end":{"line":5,"column":19}},"loc":{"start":{"line":5,"column":41},"end":{"line":30,"column":1}},"line":5},"1":{"name":"(anonymous_1)","decl":{"start":{"line":10,"column":24},"end":{"line":10,"column":25}},"loc":{"start":{"line":10,"column":31},"end":{"line":12,"column":3}},"line":10},"2":{"name":"(anonymous_2)","decl":{"start":{"line":14,"column":25},"end":{"line":14,"column":26}},"loc":{"start":{"line":14,"column":32},"end":{"line":19,"column":3}},"line":14},"3":{"name":"(anonymous_3)","decl":{"start":{"line":26,"column":16},"end":{"line":26,"column":17}},"loc":{"start":{"line":26,"column":23},"end":{"line":26,"column":39}},"line":26},"4":{"name":"(anonymous_4)","decl":{"start":{"line":27,"column":18},"end":{"line":27,"column":19}},"loc":{"start":{"line":27,"column":25},"end":{"line":27,"column":42}},"line":27}},"branchMap":{"0":{"loc":{"start":{"line":15,"column":4},"end":{"line":18,"column":5}},"type":"if","locations":[{"start":{"line":15,"column":4},"end":{"line":18,"column":5}},{"start":{"line":15,"column":4},"end":{"line":18,"column":5}}],"line":15}},"s":{"0":3,"1":3,"2":3,"3":3,"4":0,"5":3,"6":0,"7":0,"8":0,"9":3,"10":0,"11":0},"f":{"0":3,"1":0,"2":0,"3":0,"4":0},"b":{"0":[0,0]},"_coverageSchema":"43e27e138ebf9cfc5966b082cf9a028302ed4184","hash":"5c4081fb8e296903dcae1ecbb80416b12cef6d90"}
,"/Users/diego.bustamante/Documents/capstone/exercise1/react-apprenticeship-capstone1/src/components/Header/SearchBar/SearchBar.styles.js": {"path":"/Users/diego.bustamante/Documents/capstone/exercise1/react-apprenticeship-capstone1/src/components/Header/SearchBar/SearchBar.styles.js","statementMap":{"0":{"start":{"line":2,"column":27},"end":{"line":14,"column":1}}},"fnMap":{},"branchMap":{},"s":{"0":3},"f":{},"b":{},"_coverageSchema":"43e27e138ebf9cfc5966b082cf9a028302ed4184","hash":"1ef706325af46c29954cc96ac580a888bc979a7e"}
,"/Users/diego.bustamante/Documents/capstone/exercise1/react-apprenticeship-capstone1/src/components/Header/SearchBar/index.js": {"path":"/Users/diego.bustamante/Documents/capstone/exercise1/react-apprenticeship-capstone1/src/components/Header/SearchBar/index.js","statementMap":{},"fnMap":{},"branchMap":{},"s":{},"f":{},"b":{},"_coverageSchema":"43e27e138ebf9cfc5966b082cf9a028302ed4184","hash":"1b8665e5c192ce28c5cce287d9f3e6f9c2334e2b"}
,"/Users/diego.bustamante/Documents/capstone/exercise1/react-apprenticeship-capstone1/src/components/Header/ThemeToggle/ThemeToggle.component.jsx": {"path":"/Users/diego.bustamante/Documents/capstone/exercise1/react-apprenticeship-capstone1/src/components/Header/ThemeToggle/ThemeToggle.component.jsx","statementMap":{"0":{"start":{"line":5,"column":20},"end":{"line":19,"column":1}},"1":{"start":{"line":6,"column":32},"end":{"line":6,"column":47}},"2":{"start":{"line":8,"column":23},"end":{"line":10,"column":3}},"3":{"start":{"line":9,"column":4},"end":{"line":9,"column":33}},"4":{"start":{"line":12,"column":2},"end":{"line":18,"column":4}}},"fnMap":{"0":{"name":"(anonymous_0)","decl":{"start":{"line":5,"column":20},"end":{"line":5,"column":21}},"loc":{"start":{"line":5,"column":26},"end":{"line":19,"column":1}},"line":5},"1":{"name":"(anonymous_1)","decl":{"start":{"line":8,"column":23},"end":{"line":8,"column":24}},"loc":{"start":{"line":8,"column":30},"end":{"line":10,"column":3}},"line":8}},"branchMap":{},"s":{"0":3,"1":3,"2":3,"3":0,"4":3},"f":{"0":3,"1":0},"b":{},"_coverageSchema":"43e27e138ebf9cfc5966b082cf9a028302ed4184","hash":"e169f67216c08f2153d5ba88bbbf3c1ebf35ca19"}
,"/Users/diego.bustamante/Documents/capstone/exercise1/react-apprenticeship-capstone1/src/components/Header/ThemeToggle/ThemeToggle.styles.js": {"path":"/Users/diego.bustamante/Documents/capstone/exercise1/react-apprenticeship-capstone1/src/components/Header/ThemeToggle/ThemeToggle.styles.js","statementMap":{"0":{"start":{"line":3,"column":14},"end":{"line":8,"column":1}},"1":{"start":{"line":10,"column":15},"end":{"line":31,"column":1}},"2":{"start":{"line":33,"column":14},"end":{"line":44,"column":1}}},"fnMap":{},"branchMap":{},"s":{"0":3,"1":3,"2":3},"f":{},"b":{},"_coverageSchema":"43e27e138ebf9cfc5966b082cf9a028302ed4184","hash":"5319ca953fbb7db450224dc2850883e0fddc3b25"}
,"/Users/diego.bustamante/Documents/capstone/exercise1/react-apprenticeship-capstone1/src/components/Header/ThemeToggle/index.js": {"path":"/Users/diego.bustamante/Documents/capstone/exercise1/react-apprenticeship-capstone1/src/components/Header/ThemeToggle/index.js","statementMap":{},"fnMap":{},"branchMap":{},"s":{},"f":{},"b":{},"_coverageSchema":"43e27e138ebf9cfc5966b082cf9a028302ed4184","hash":"e56d33b59a8e8536c7109587fccc94c038c6466f"}
,"/Users/diego.bustamante/Documents/capstone/exercise1/react-apprenticeship-capstone1/src/components/VideoDetailContent/VideoDetailContent.component.jsx": {"path":"/Users/diego.bustamante/Documents/capstone/exercise1/react-apprenticeship-capstone1/src/components/VideoDetailContent/VideoDetailContent.component.jsx","statementMap":{"0":{"start":{"line":8,"column":27},"end":{"line":19,"column":1}},"1":{"start":{"line":9,"column":2},"end":{"line":18,"column":4}}},"fnMap":{"0":{"name":"(anonymous_0)","decl":{"start":{"line":8,"column":27},"end":{"line":8,"column":28}},"loc":{"start":{"line":8,"column":44},"end":{"line":19,"column":1}},"line":8}},"branchMap":{},"s":{"0":2,"1":2},"f":{"0":2},"b":{},"_coverageSchema":"43e27e138ebf9cfc5966b082cf9a028302ed4184","hash":"dd20f423aee58329ceeb640c69ac6bbe0db1bc41"}
,"/Users/diego.bustamante/Documents/capstone/exercise1/react-apprenticeship-capstone1/src/components/VideoDetailContent/VideoDetailContent.styles.js": {"path":"/Users/diego.bustamante/Documents/capstone/exercise1/react-apprenticeship-capstone1/src/components/VideoDetailContent/VideoDetailContent.styles.js","statementMap":{"0":{"start":{"line":3,"column":25},"end":{"line":8,"column":1}}},"fnMap":{},"branchMap":{},"s":{"0":2},"f":{},"b":{},"_coverageSchema":"43e27e138ebf9cfc5966b082cf9a028302ed4184","hash":"31373fb3282e9c7821aa589f1231ebaa9ff1785c"}
,"/Users/diego.bustamante/Documents/capstone/exercise1/react-apprenticeship-capstone1/src/components/VideoDetailContent/index.js": {"path":"/Users/diego.bustamante/Documents/capstone/exercise1/react-apprenticeship-capstone1/src/components/VideoDetailContent/index.js","statementMap":{},"fnMap":{},"branchMap":{},"s":{},"f":{},"b":{},"_coverageSchema":"43e27e138ebf9cfc5966b082cf9a028302ed4184","hash":"e4f93f5827b04774ccaa0a31f4627d432ed520e4"}
,"/Users/diego.bustamante/Documents/capstone/exercise1/react-apprenticeship-capstone1/src/components/VideoDetailContent/LeftSideContent/LeftSideContent.component.jsx": {"path":"/Users/diego.bustamante/Documents/capstone/exercise1/react-apprenticeship-capstone1/src/components/VideoDetailContent/LeftSideContent/LeftSideContent.component.jsx","statementMap":{"0":{"start":{"line":4,"column":24},"end":{"line":6,"column":1}},"1":{"start":{"line":5,"column":2},"end":{"line":5,"column":47}}},"fnMap":{"0":{"name":"(anonymous_0)","decl":{"start":{"line":4,"column":24},"end":{"line":4,"column":25}},"loc":{"start":{"line":4,"column":42},"end":{"line":6,"column":1}},"line":4}},"branchMap":{},"s":{"0":3,"1":3},"f":{"0":3},"b":{},"_coverageSchema":"43e27e138ebf9cfc5966b082cf9a028302ed4184","hash":"736e9aa295c4330a0bd0690b121ed8fda50b7600"}
,"/Users/diego.bustamante/Documents/capstone/exercise1/react-apprenticeship-capstone1/src/components/VideoDetailContent/LeftSideContent/LeftSideContent.styles.js": {"path":"/Users/diego.bustamante/Documents/capstone/exercise1/react-apprenticeship-capstone1/src/components/VideoDetailContent/LeftSideContent/LeftSideContent.styles.js","statementMap":{"0":{"start":{"line":3,"column":27},"end":{"line":8,"column":1}}},"fnMap":{},"branchMap":{},"s":{"0":3},"f":{},"b":{},"_coverageSchema":"43e27e138ebf9cfc5966b082cf9a028302ed4184","hash":"03f2c23fc90a54db119b2c2ce88ad0a8f04ac0d4"}
,"/Users/diego.bustamante/Documents/capstone/exercise1/react-apprenticeship-capstone1/src/components/VideoDetailContent/LeftSideContent/index.js": {"path":"/Users/diego.bustamante/Documents/capstone/exercise1/react-apprenticeship-capstone1/src/components/VideoDetailContent/LeftSideContent/index.js","statementMap":{},"fnMap":{},"branchMap":{},"s":{},"f":{},"b":{},"hash":"af82c5533ed4691c72f46d3e767bcbb1afa2b5de"}
,"/Users/diego.bustamante/Documents/capstone/exercise1/react-apprenticeship-capstone1/src/components/VideoDetailContent/ListRelatedVideos/ListRelatedVideos.component.jsx": {"path":"/Users/diego.bustamante/Documents/capstone/exercise1/react-apprenticeship-capstone1/src/components/VideoDetailContent/ListRelatedVideos/ListRelatedVideos.component.jsx","statementMap":{"0":{"start":{"line":8,"column":26},"end":{"line":35,"column":1}},"1":{"start":{"line":9,"column":22},"end":{"line":9,"column":33}},"2":{"start":{"line":10,"column":25},"end":{"line":10,"column":52}},"3":{"start":{"line":11,"column":31},"end":{"line":11,"column":79}},"4":{"start":{"line":17,"column":2},"end":{"line":24,"column":3}},"5":{"start":{"line":18,"column":4},"end":{"line":23,"column":6}},"6":{"start":{"line":28,"column":2},"end":{"line":34,"column":4}},"7":{"start":{"line":31,"column":8},"end":{"line":31,"column":66}}},"fnMap":{"0":{"name":"(anonymous_0)","decl":{"start":{"line":8,"column":26},"end":{"line":8,"column":27}},"loc":{"start":{"line":8,"column":52},"end":{"line":35,"column":1}},"line":8},"1":{"name":"(anonymous_1)","decl":{"start":{"line":30,"column":22},"end":{"line":30,"column":23}},"loc":{"start":{"line":30,"column":32},"end":{"line":32,"column":7}},"line":30}},"branchMap":{"0":{"loc":{"start":{"line":10,"column":25},"end":{"line":10,"column":52}},"type":"binary-expr","locations":[{"start":{"line":10,"column":25},"end":{"line":10,"column":41}},{"start":{"line":10,"column":45},"end":{"line":10,"column":52}}],"line":10},"1":{"loc":{"start":{"line":17,"column":2},"end":{"line":24,"column":3}},"type":"if","locations":[{"start":{"line":17,"column":2},"end":{"line":24,"column":3}},{"start":{"line":17,"column":2},"end":{"line":24,"column":3}}],"line":17}},"s":{"0":4,"1":8,"2":8,"3":8,"4":8,"5":4,"6":4,"7":100},"f":{"0":8,"1":100},"b":{"0":[8,6],"1":[4,4]},"_coverageSchema":"43e27e138ebf9cfc5966b082cf9a028302ed4184","hash":"533f6d682587f75c539cabc4e7276387455b3664"}
,"/Users/diego.bustamante/Documents/capstone/exercise1/react-apprenticeship-capstone1/src/components/VideoDetailContent/ListRelatedVideos/ListRelatedVideos.styles.js": {"path":"/Users/diego.bustamante/Documents/capstone/exercise1/react-apprenticeship-capstone1/src/components/VideoDetailContent/ListRelatedVideos/ListRelatedVideos.styles.js","statementMap":{"0":{"start":{"line":3,"column":23},"end":{"line":9,"column":1}}},"fnMap":{},"branchMap":{},"s":{"0":4},"f":{},"b":{},"_coverageSchema":"43e27e138ebf9cfc5966b082cf9a028302ed4184","hash":"f25fd1a8c0c32f3c0d3f4f332ce7c7c6ac795315"}
,"/Users/diego.bustamante/Documents/capstone/exercise1/react-apprenticeship-capstone1/src/components/VideoDetailContent/ListRelatedVideos/index.js": {"path":"/Users/diego.bustamante/Documents/capstone/exercise1/react-apprenticeship-capstone1/src/components/VideoDetailContent/ListRelatedVideos/index.js","statementMap":{},"fnMap":{},"branchMap":{},"s":{},"f":{},"b":{},"hash":"e9f9a0ebd8fc251f6c22f1fa7bef274c766b8165"}
,"/Users/diego.bustamante/Documents/capstone/exercise1/react-apprenticeship-capstone1/src/components/VideoDetailContent/ListRelatedVideos/MiniVideoCard/MiniVideoCard.component.jsx": {"path":"/Users/diego.bustamante/Documents/capstone/exercise1/react-apprenticeship-capstone1/src/components/VideoDetailContent/ListRelatedVideos/MiniVideoCard/MiniVideoCard.component.jsx","statementMap":{"0":{"start":{"line":4,"column":22},"end":{"line":14,"column":1}},"1":{"start":{"line":5,"column":22},"end":{"line":5,"column":34}},"2":{"start":{"line":6,"column":2},"end":{"line":6,"column":38}},"3":{"start":{"line":6,"column":26},"end":{"line":6,"column":38}},"4":{"start":{"line":7,"column":32},"end":{"line":7,"column":49}},"5":{"start":{"line":8,"column":2},"end":{"line":13,"column":4}}},"fnMap":{"0":{"name":"(anonymous_0)","decl":{"start":{"line":4,"column":22},"end":{"line":4,"column":23}},"loc":{"start":{"line":4,"column":41},"end":{"line":14,"column":1}},"line":4}},"branchMap":{"0":{"loc":{"start":{"line":6,"column":2},"end":{"line":6,"column":38}},"type":"if","locations":[{"start":{"line":6,"column":2},"end":{"line":6,"column":38}},{"start":{"line":6,"column":2},"end":{"line":6,"column":38}}],"line":6}},"s":{"0":5,"1":101,"2":101,"3":0,"4":101,"5":101},"f":{"0":101},"b":{"0":[0,101]},"_coverageSchema":"43e27e138ebf9cfc5966b082cf9a028302ed4184","hash":"7744e84837fa9b8fab6e25c828941efc02ea92a6"}
,"/Users/diego.bustamante/Documents/capstone/exercise1/react-apprenticeship-capstone1/src/components/VideoDetailContent/ListRelatedVideos/MiniVideoCard/MiniVideoCard.styles.js": {"path":"/Users/diego.bustamante/Documents/capstone/exercise1/react-apprenticeship-capstone1/src/components/VideoDetailContent/ListRelatedVideos/MiniVideoCard/MiniVideoCard.styles.js","statementMap":{"0":{"start":{"line":4,"column":28},"end":{"line":42,"column":1}}},"fnMap":{},"branchMap":{},"s":{"0":5},"f":{},"b":{},"_coverageSchema":"43e27e138ebf9cfc5966b082cf9a028302ed4184","hash":"6d888db5a8b2a4b364745c512ed98ebdb7187869"}
,"/Users/diego.bustamante/Documents/capstone/exercise1/react-apprenticeship-capstone1/src/components/VideoDetailContent/ListRelatedVideos/MiniVideoCard/index.js": {"path":"/Users/diego.bustamante/Documents/capstone/exercise1/react-apprenticeship-capstone1/src/components/VideoDetailContent/ListRelatedVideos/MiniVideoCard/index.js","statementMap":{},"fnMap":{},"branchMap":{},"s":{},"f":{},"b":{},"hash":"c91bdacb337f23912472b16349a4646e47ca7d6c"}
,"/Users/diego.bustamante/Documents/capstone/exercise1/react-apprenticeship-capstone1/src/components/VideoDetailContent/RightSideContent/RightSideContent.component.jsx": {"path":"/Users/diego.bustamante/Documents/capstone/exercise1/react-apprenticeship-capstone1/src/components/VideoDetailContent/RightSideContent/RightSideContent.component.jsx","statementMap":{"0":{"start":{"line":4,"column":25},"end":{"line":6,"column":1}},"1":{"start":{"line":5,"column":2},"end":{"line":5,"column":49}}},"fnMap":{"0":{"name":"(anonymous_0)","decl":{"start":{"line":4,"column":25},"end":{"line":4,"column":26}},"loc":{"start":{"line":4,"column":43},"end":{"line":6,"column":1}},"line":4}},"branchMap":{},"s":{"0":3,"1":3},"f":{"0":3},"b":{},"_coverageSchema":"43e27e138ebf9cfc5966b082cf9a028302ed4184","hash":"d62d784aaffda29b69e3d40f8a97b85827bda6a6"}
,"/Users/diego.bustamante/Documents/capstone/exercise1/react-apprenticeship-capstone1/src/components/VideoDetailContent/RightSideContent/RightSideContent.styles.js": {"path":"/Users/diego.bustamante/Documents/capstone/exercise1/react-apprenticeship-capstone1/src/components/VideoDetailContent/RightSideContent/RightSideContent.styles.js","statementMap":{"0":{"start":{"line":3,"column":28},"end":{"line":10,"column":1}}},"fnMap":{},"branchMap":{},"s":{"0":3},"f":{},"b":{},"_coverageSchema":"43e27e138ebf9cfc5966b082cf9a028302ed4184","hash":"714a07f52c48c0574c00b1a870dc96b1f73f4c0b"}
,"/Users/diego.bustamante/Documents/capstone/exercise1/react-apprenticeship-capstone1/src/components/VideoDetailContent/RightSideContent/index.js": {"path":"/Users/diego.bustamante/Documents/capstone/exercise1/react-apprenticeship-capstone1/src/components/VideoDetailContent/RightSideContent/index.js","statementMap":{},"fnMap":{},"branchMap":{},"s":{},"f":{},"b":{},"_coverageSchema":"43e27e138ebf9cfc5966b082cf9a028302ed4184","hash":"7d840a437b96ba2b121e4a693ad4114f5c56fdc6"}
,"/Users/diego.bustamante/Documents/capstone/exercise1/react-apprenticeship-capstone1/src/components/VideoDetailContent/VideoReproducer/VideoReproducer.component.jsx": {"path":"/Users/diego.bustamante/Documents/capstone/exercise1/react-apprenticeship-capstone1/src/components/VideoDetailContent/VideoReproducer/VideoReproducer.component.jsx","statementMap":{"0":{"start":{"line":7,"column":24},"end":{"line":28,"column":1}},"1":{"start":{"line":8,"column":22},"end":{"line":8,"column":33}},"2":{"start":{"line":9,"column":25},"end":{"line":9,"column":48}},"3":{"start":{"line":10,"column":19},"end":{"line":10,"column":63}},"4":{"start":{"line":14,"column":2},"end":{"line":14,"column":25}},"5":{"start":{"line":14,"column":13},"end":{"line":14,"column":25}},"6":{"start":{"line":15,"column":33},"end":{"line":15,"column":48}},"7":{"start":{"line":17,"column":2},"end":{"line":27,"column":4}}},"fnMap":{"0":{"name":"(anonymous_0)","decl":{"start":{"line":7,"column":24},"end":{"line":7,"column":25}},"loc":{"start":{"line":7,"column":46},"end":{"line":28,"column":1}},"line":7}},"branchMap":{"0":{"loc":{"start":{"line":9,"column":25},"end":{"line":9,"column":48}},"type":"binary-expr","locations":[{"start":{"line":9,"column":25},"end":{"line":9,"column":37}},{"start":{"line":9,"column":41},"end":{"line":9,"column":48}}],"line":9},"1":{"loc":{"start":{"line":14,"column":2},"end":{"line":14,"column":25}},"type":"if","locations":[{"start":{"line":14,"column":2},"end":{"line":14,"column":25}},{"start":{"line":14,"column":2},"end":{"line":14,"column":25}}],"line":14}},"s":{"0":4,"1":8,"2":8,"3":8,"4":8,"5":4,"6":4,"7":4},"f":{"0":8},"b":{"0":[8,8],"1":[4,4]},"_coverageSchema":"43e27e138ebf9cfc5966b082cf9a028302ed4184","hash":"c60e02d23d961ae2cf5420c25fd67d492f58ea63"}
,"/Users/diego.bustamante/Documents/capstone/exercise1/react-apprenticeship-capstone1/src/components/VideoDetailContent/VideoReproducer/VideoReproducer.styles.js": {"path":"/Users/diego.bustamante/Documents/capstone/exercise1/react-apprenticeship-capstone1/src/components/VideoDetailContent/VideoReproducer/VideoReproducer.styles.js","statementMap":{"0":{"start":{"line":3,"column":25},"end":{"line":23,"column":1}},"1":{"start":{"line":25,"column":26},"end":{"line":28,"column":1}}},"fnMap":{},"branchMap":{},"s":{"0":4,"1":4},"f":{},"b":{},"_coverageSchema":"43e27e138ebf9cfc5966b082cf9a028302ed4184","hash":"51f1556117ac9af06ad220604a71d90f0305b2ed"}
,"/Users/diego.bustamante/Documents/capstone/exercise1/react-apprenticeship-capstone1/src/components/VideoDetailContent/VideoReproducer/index.js": {"path":"/Users/diego.bustamante/Documents/capstone/exercise1/react-apprenticeship-capstone1/src/components/VideoDetailContent/VideoReproducer/index.js","statementMap":{},"fnMap":{},"branchMap":{},"s":{},"f":{},"b":{},"hash":"1f7b5ec5554511993df778e129106ef44f893248"}
,"/Users/diego.bustamante/Documents/capstone/exercise1/react-apprenticeship-capstone1/src/pages/Home/Home.page.jsx": {"path":"/Users/diego.bustamante/Documents/capstone/exercise1/react-apprenticeship-capstone1/src/pages/Home/Home.page.jsx","statementMap":{"0":{"start":{"line":6,"column":2},"end":{"line":12,"column":4}}},"fnMap":{"0":{"name":"HomePage","decl":{"start":{"line":5,"column":9},"end":{"line":5,"column":17}},"loc":{"start":{"line":5,"column":34},"end":{"line":13,"column":1}},"line":5}},"branchMap":{},"s":{"0":1},"f":{"0":1},"b":{},"_coverageSchema":"43e27e138ebf9cfc5966b082cf9a028302ed4184","hash":"4399a4bc1bfa2e29d89cc170ab581b0d41ede3fb"}
,"/Users/diego.bustamante/Documents/capstone/exercise1/react-apprenticeship-capstone1/src/pages/Home/index.js": {"path":"/Users/diego.bustamante/Documents/capstone/exercise1/react-apprenticeship-capstone1/src/pages/Home/index.js","statementMap":{},"fnMap":{},"branchMap":{},"s":{},"f":{},"b":{},"_coverageSchema":"43e27e138ebf9cfc5966b082cf9a028302ed4184","hash":"d92b58d9cbc08fa34391e2d2daa87b37572c3334"}
,"/Users/diego.bustamante/Documents/capstone/exercise1/react-apprenticeship-capstone1/src/pages/VideoDetail/VideoDetail.page.jsx": {"path":"/Users/diego.bustamante/Documents/capstone/exercise1/react-apprenticeship-capstone1/src/pages/VideoDetail/VideoDetail.page.jsx","statementMap":{"0":{"start":{"line":6,"column":22},"end":{"line":6,"column":33}},"1":{"start":{"line":7,"column":2},"end":{"line":11,"column":4}}},"fnMap":{"0":{"name":"VideoDetail","decl":{"start":{"line":5,"column":9},"end":{"line":5,"column":20}},"loc":{"start":{"line":5,"column":23},"end":{"line":12,"column":1}},"line":5}},"branchMap":{},"s":{"0":1,"1":1},"f":{"0":1},"b":{},"_coverageSchema":"43e27e138ebf9cfc5966b082cf9a028302ed4184","hash":"99cab29729b5e1c80bfccf550a6de1581431682e"}
,"/Users/diego.bustamante/Documents/capstone/exercise1/react-apprenticeship-capstone1/src/pages/VideoDetail/index.js": {"path":"/Users/diego.bustamante/Documents/capstone/exercise1/react-apprenticeship-capstone1/src/pages/VideoDetail/index.js","statementMap":{},"fnMap":{},"branchMap":{},"s":{},"f":{},"b":{},"hash":"ecaf0660f4f1a6d52bead98c7899bbc4457dd334"}
,"/Users/diego.bustamante/Documents/capstone/exercise1/react-apprenticeship-capstone1/src/utils/youtube.js": {"path":"/Users/diego.bustamante/Documents/capstone/exercise1/react-apprenticeship-capstone1/src/utils/youtube.js","statementMap":{"0":{"start":{"line":5,"column":24},"end":{"line":7,"column":1}},"1":{"start":{"line":6,"column":2},"end":{"line":6,"column":139}},"2":{"start":{"line":9,"column":31},"end":{"line":11,"column":1}},"3":{"start":{"line":10,"column":2},"end":{"line":10,"column":171}},"4":{"start":{"line":13,"column":27},"end":{"line":15,"column":1}},"5":{"start":{"line":14,"column":2},"end":{"line":14,"column":123}}},"fnMap":{"0":{"name":"(anonymous_0)","decl":{"start":{"line":5,"column":24},"end":{"line":5,"column":25}},"loc":{"start":{"line":5,"column":40},"end":{"line":7,"column":1}},"line":5},"1":{"name":"(anonymous_1)","decl":{"start":{"line":9,"column":31},"end":{"line":9,"column":32}},"loc":{"start":{"line":9,"column":53},"end":{"line":11,"column":1}},"line":9},"2":{"name":"(anonymous_2)","decl":{"start":{"line":13,"column":27},"end":{"line":13,"column":28}},"loc":{"start":{"line":13,"column":40},"end":{"line":15,"column":1}},"line":13}},"branchMap":{},"s":{"0":8,"1":3,"2":8,"3":8,"4":8,"5":8},"f":{"0":3,"1":8,"2":8},"b":{},"_coverageSchema":"43e27e138ebf9cfc5966b082cf9a028302ed4184","hash":"d79bd7c837824062a7d88c3c7382ed2a98767095"}
,"/Users/diego.bustamante/Documents/capstone/exercise1/react-apprenticeship-capstone1/src/utils/hooks/useFetch.js": {"path":"/Users/diego.bustamante/Documents/capstone/exercise1/react-apprenticeship-capstone1/src/utils/hooks/useFetch.js","statementMap":{"0":{"start":{"line":4,"column":26},"end":{"line":4,"column":40}},"1":{"start":{"line":6,"column":2},"end":{"line":12,"column":12}},"2":{"start":{"line":7,"column":4},"end":{"line":11,"column":9}},"3":{"start":{"line":8,"column":21},"end":{"line":8,"column":37}},"4":{"start":{"line":9,"column":25},"end":{"line":9,"column":44}},"5":{"start":{"line":10,"column":6},"end":{"line":10,"column":32}},"6":{"start":{"line":14,"column":2},"end":{"line":14,"column":18}}},"fnMap":{"0":{"name":"useFetch","decl":{"start":{"line":3,"column":24},"end":{"line":3,"column":32}},"loc":{"start":{"line":3,"column":38},"end":{"line":15,"column":1}},"line":3},"1":{"name":"(anonymous_1)","decl":{"start":{"line":6,"column":12},"end":{"line":6,"column":13}},"loc":{"start":{"line":6,"column":18},"end":{"line":12,"column":3}},"line":6},"2":{"name":"(anonymous_2)","decl":{"start":{"line":7,"column":5},"end":{"line":7,"column":6}},"loc":{"start":{"line":7,"column":17},"end":{"line":11,"column":5}},"line":7}},"branchMap":{},"s":{"0":19,"1":19,"2":10,"3":10,"4":9,"5":9,"6":19},"f":{"0":19,"1":10,"2":10},"b":{},"_coverageSchema":"43e27e138ebf9cfc5966b082cf9a028302ed4184","hash":"5271daa2cdbc5a4e4d68d0aa612d89dd3f5a0e88"}
}
