{"/Users/diego.bustamante/Documents/capstone/exercise1/react-apprenticeship-capstone1/src/index.js": {"path":"/Users/diego.bustamante/Documents/capstone/exercise1/react-apprenticeship-capstone1/src/index.js","statementMap":{"0":{"start":{"line":7,"column":0},"end":{"line":12,"column":2}}},"fnMap":{},"branchMap":{},"s":{"0":0},"f":{},"b":{},"hash":"696fc31c1afb6add11c7cebd12eb571c7569da7d"}
,"/Users/diego.bustamante/Documents/capstone/exercise1/react-apprenticeship-capstone1/src/components/App/App.component.jsx": {"path":"/Users/diego.bustamante/Documents/capstone/exercise1/react-apprenticeship-capstone1/src/components/App/App.component.jsx","statementMap":{"0":{"start":{"line":7,"column":2},"end":{"line":15,"column":4}}},"fnMap":{"0":{"name":"App","decl":{"start":{"line":6,"column":9},"end":{"line":6,"column":12}},"loc":{"start":{"line":6,"column":15},"end":{"line":16,"column":1}},"line":6}},"branchMap":{},"s":{"0":0},"f":{"0":0},"b":{},"hash":"6065e81071c54cea138f61fefca4e50c19a4011a"}
,"/Users/diego.bustamante/Documents/capstone/exercise1/react-apprenticeship-capstone1/src/components/App/index.js": {"path":"/Users/diego.bustamante/Documents/capstone/exercise1/react-apprenticeship-capstone1/src/components/App/index.js","statementMap":{},"fnMap":{},"branchMap":{},"s":{},"f":{},"b":{},"hash":"2d3110abf45f741e8d5820931c9c67ad45b56233"}
,"/Users/diego.bustamante/Documents/capstone/exercise1/react-apprenticeship-capstone1/src/components/Content/Content.component.jsx": {"path":"/Users/diego.bustamante/Documents/capstone/exercise1/react-apprenticeship-capstone1/src/components/Content/Content.component.jsx","statementMap":{"0":{"start":{"line":4,"column":18},"end":{"line":10,"column":1}},"1":{"start":{"line":12,"column":16},"end":{"line":14,"column":1}},"2":{"start":{"line":13,"column":2},"end":{"line":13,"column":43}}},"fnMap":{"0":{"name":"(anonymous_0)","decl":{"start":{"line":12,"column":16},"end":{"line":12,"column":17}},"loc":{"start":{"line":12,"column":34},"end":{"line":14,"column":1}},"line":12}},"branchMap":{},"s":{"0":2,"1":2,"2":2},"f":{"0":2},"b":{},"_coverageSchema":"43e27e138ebf9cfc5966b082cf9a028302ed4184","hash":"7b8543e94cfb36259ea14caa803aba2f682d1092"}
,"/Users/diego.bustamante/Documents/capstone/exercise1/react-apprenticeship-capstone1/src/components/Content/index.js": {"path":"/Users/diego.bustamante/Documents/capstone/exercise1/react-apprenticeship-capstone1/src/components/Content/index.js","statementMap":{},"fnMap":{},"branchMap":{},"s":{},"f":{},"b":{},"hash":"1d6660b513f05bd0c72b9b020e940256f23c788a"}
,"/Users/diego.bustamante/Documents/capstone/exercise1/react-apprenticeship-capstone1/src/components/Content/ListPreviewVideo/ListPreviewVideo.component.jsx": {"path":"/Users/diego.bustamante/Documents/capstone/exercise1/react-apprenticeship-capstone1/src/components/Content/ListPreviewVideo/ListPreviewVideo.component.jsx","statementMap":{"0":{"start":{"line":5,"column":18},"end":{"line":10,"column":1}},"1":{"start":{"line":14,"column":25},"end":{"line":34,"column":1}},"2":{"start":{"line":15,"column":38},"end":{"line":15,"column":50}},"3":{"start":{"line":17,"column":2},"end":{"line":23,"column":9}},"4":{"start":{"line":18,"column":4},"end":{"line":22,"column":9}},"5":{"start":{"line":19,"column":21},"end":{"line":19,"column":62}},"6":{"start":{"line":20,"column":25},"end":{"line":20,"column":44}},"7":{"start":{"line":21,"column":6},"end":{"line":21,"column":38}},"8":{"start":{"line":25,"column":2},"end":{"line":33,"column":4}},"9":{"start":{"line":29,"column":12},"end":{"line":29,"column":73}}},"fnMap":{"0":{"name":"(anonymous_0)","decl":{"start":{"line":14,"column":25},"end":{"line":14,"column":26}},"loc":{"start":{"line":14,"column":31},"end":{"line":34,"column":1}},"line":14},"1":{"name":"(anonymous_1)","decl":{"start":{"line":17,"column":12},"end":{"line":17,"column":13}},"loc":{"start":{"line":17,"column":18},"end":{"line":23,"column":3}},"line":17},"2":{"name":"(anonymous_2)","decl":{"start":{"line":18,"column":5},"end":{"line":18,"column":6}},"loc":{"start":{"line":18,"column":17},"end":{"line":22,"column":5}},"line":18},"3":{"name":"(anonymous_3)","decl":{"start":{"line":28,"column":34},"end":{"line":28,"column":35}},"loc":{"start":{"line":28,"column":44},"end":{"line":30,"column":11}},"line":28}},"branchMap":{"0":{"loc":{"start":{"line":27,"column":7},"end":{"line":31,"column":39}},"type":"cond-expr","locations":[{"start":{"line":28,"column":10},"end":{"line":30,"column":12}},{"start":{"line":31,"column":10},"end":{"line":31,"column":39}}],"line":27}},"s":{"0":2,"1":2,"2":3,"3":3,"4":2,"5":2,"6":1,"7":1,"8":3,"9":24},"f":{"0":3,"1":2,"2":2,"3":24},"b":{"0":[1,2]},"_coverageSchema":"43e27e138ebf9cfc5966b082cf9a028302ed4184","hash":"010def9106f61f97c7ffe22a78339d6bf2b98cd5"}
,"/Users/diego.bustamante/Documents/capstone/exercise1/react-apprenticeship-capstone1/src/components/Content/ListPreviewVideo/index.js": {"path":"/Users/diego.bustamante/Documents/capstone/exercise1/react-apprenticeship-capstone1/src/components/Content/ListPreviewVideo/index.js","statementMap":{},"fnMap":{},"branchMap":{},"s":{},"f":{},"b":{},"_coverageSchema":"43e27e138ebf9cfc5966b082cf9a028302ed4184","hash":"bf0e32506ef39cb15903e2ecb5f1b14d624b36db"}
,"/Users/diego.bustamante/Documents/capstone/exercise1/react-apprenticeship-capstone1/src/components/Content/ListPreviewVideo/PreviewVideoCard/PreviewVideoCard.component.jsx": {"path":"/Users/diego.bustamante/Documents/capstone/exercise1/react-apprenticeship-capstone1/src/components/Content/ListPreviewVideo/PreviewVideoCard/PreviewVideoCard.component.jsx","statementMap":{"0":{"start":{"line":4,"column":17},"end":{"line":41,"column":1}},"1":{"start":{"line":43,"column":25},"end":{"line":51,"column":1}},"2":{"start":{"line":44,"column":2},"end":{"line":50,"column":4}}},"fnMap":{"0":{"name":"(anonymous_0)","decl":{"start":{"line":43,"column":25},"end":{"line":43,"column":26}},"loc":{"start":{"line":43,"column":44},"end":{"line":51,"column":1}},"line":43}},"branchMap":{},"s":{"0":3,"1":3,"2":25},"f":{"0":25},"b":{},"_coverageSchema":"43e27e138ebf9cfc5966b082cf9a028302ed4184","hash":"efd1a12c7c4233b48727d440c09435a911844cb9"}
,"/Users/diego.bustamante/Documents/capstone/exercise1/react-apprenticeship-capstone1/src/components/Content/ListPreviewVideo/PreviewVideoCard/index.js": {"path":"/Users/diego.bustamante/Documents/capstone/exercise1/react-apprenticeship-capstone1/src/components/Content/ListPreviewVideo/PreviewVideoCard/index.js","statementMap":{},"fnMap":{},"branchMap":{},"s":{},"f":{},"b":{},"hash":"27e11403236b4d4d999cdcf85d8f732904d82a2a"}
,"/Users/diego.bustamante/Documents/capstone/exercise1/react-apprenticeship-capstone1/src/components/Header/Header.component.jsx": {"path":"/Users/diego.bustamante/Documents/capstone/exercise1/react-apprenticeship-capstone1/src/components/Header/Header.component.jsx","statementMap":{"0":{"start":{"line":10,"column":15},"end":{"line":20,"column":1}},"1":{"start":{"line":22,"column":15},"end":{"line":35,"column":1}},"2":{"start":{"line":23,"column":2},"end":{"line":34,"column":4}}},"fnMap":{"0":{"name":"(anonymous_0)","decl":{"start":{"line":22,"column":15},"end":{"line":22,"column":16}},"loc":{"start":{"line":22,"column":21},"end":{"line":35,"column":1}},"line":22}},"branchMap":{},"s":{"0":2,"1":2,"2":2},"f":{"0":2},"b":{},"_coverageSchema":"43e27e138ebf9cfc5966b082cf9a028302ed4184","hash":"0c094ab746a311d25c7eced5ef7ed6f5dac6b511"}
,"/Users/diego.bustamante/Documents/capstone/exercise1/react-apprenticeship-capstone1/src/components/Header/index.js": {"path":"/Users/diego.bustamante/Documents/capstone/exercise1/react-apprenticeship-capstone1/src/components/Header/index.js","statementMap":{},"fnMap":{},"branchMap":{},"s":{},"f":{},"b":{},"_coverageSchema":"43e27e138ebf9cfc5966b082cf9a028302ed4184","hash":"72d3870bce0b701751d2347fe8ce9693d1393b13"}
,"/Users/diego.bustamante/Documents/capstone/exercise1/react-apprenticeship-capstone1/src/components/Header/BurgerMenu/BurgerMenu.component.jsx": {"path":"/Users/diego.bustamante/Documents/capstone/exercise1/react-apprenticeship-capstone1/src/components/Header/BurgerMenu/BurgerMenu.component.jsx","statementMap":{"0":{"start":{"line":5,"column":17},"end":{"line":9,"column":1}},"1":{"start":{"line":11,"column":19},"end":{"line":13,"column":1}},"2":{"start":{"line":12,"column":2},"end":{"line":12,"column":47}}},"fnMap":{"0":{"name":"(anonymous_0)","decl":{"start":{"line":11,"column":19},"end":{"line":11,"column":20}},"loc":{"start":{"line":11,"column":25},"end":{"line":13,"column":1}},"line":11}},"branchMap":{},"s":{"0":4,"1":4,"2":4},"f":{"0":4},"b":{},"_coverageSchema":"43e27e138ebf9cfc5966b082cf9a028302ed4184","hash":"1b69bc984ff940f9480e95e49753c4df10a3594d"}
,"/Users/diego.bustamante/Documents/capstone/exercise1/react-apprenticeship-capstone1/src/components/Header/BurgerMenu/index.js": {"path":"/Users/diego.bustamante/Documents/capstone/exercise1/react-apprenticeship-capstone1/src/components/Header/BurgerMenu/index.js","statementMap":{},"fnMap":{},"branchMap":{},"s":{},"f":{},"b":{},"_coverageSchema":"43e27e138ebf9cfc5966b082cf9a028302ed4184","hash":"62fcad32c2cfbf2cdeeae0311f0ca3e1cfce485f"}
,"/Users/diego.bustamante/Documents/capstone/exercise1/react-apprenticeship-capstone1/src/components/Header/LeftSideHeader/LeftSideHeader.component.jsx": {"path":"/Users/diego.bustamante/Documents/capstone/exercise1/react-apprenticeship-capstone1/src/components/Header/LeftSideHeader/LeftSideHeader.component.jsx","statementMap":{"0":{"start":{"line":4,"column":20},"end":{"line":20,"column":1}},"1":{"start":{"line":22,"column":23},"end":{"line":24,"column":1}},"2":{"start":{"line":23,"column":2},"end":{"line":23,"column":47}}},"fnMap":{"0":{"name":"(anonymous_0)","decl":{"start":{"line":22,"column":23},"end":{"line":22,"column":24}},"loc":{"start":{"line":22,"column":41},"end":{"line":24,"column":1}},"line":22}},"branchMap":{},"s":{"0":3,"1":3,"2":3},"f":{"0":3},"b":{},"_coverageSchema":"43e27e138ebf9cfc5966b082cf9a028302ed4184","hash":"ad9135ddaf69ef0c3887b9a6cf635e79c399b9f3"}
,"/Users/diego.bustamante/Documents/capstone/exercise1/react-apprenticeship-capstone1/src/components/Header/LeftSideHeader/index.js": {"path":"/Users/diego.bustamante/Documents/capstone/exercise1/react-apprenticeship-capstone1/src/components/Header/LeftSideHeader/index.js","statementMap":{},"fnMap":{},"branchMap":{},"s":{},"f":{},"b":{},"_coverageSchema":"43e27e138ebf9cfc5966b082cf9a028302ed4184","hash":"b0d77c5476bde3a915b77d4895fb512a1defbb97"}
,"/Users/diego.bustamante/Documents/capstone/exercise1/react-apprenticeship-capstone1/src/components/Header/LoginButton/LoginButton.component.jsx": {"path":"/Users/diego.bustamante/Documents/capstone/exercise1/react-apprenticeship-capstone1/src/components/Header/LoginButton/LoginButton.component.jsx","statementMap":{"0":{"start":{"line":5,"column":21},"end":{"line":9,"column":1}},"1":{"start":{"line":11,"column":20},"end":{"line":13,"column":1}},"2":{"start":{"line":12,"column":2},"end":{"line":12,"column":52}}},"fnMap":{"0":{"name":"(anonymous_0)","decl":{"start":{"line":11,"column":20},"end":{"line":11,"column":21}},"loc":{"start":{"line":11,"column":26},"end":{"line":13,"column":1}},"line":11}},"branchMap":{},"s":{"0":4,"1":4,"2":4},"f":{"0":4},"b":{},"_coverageSchema":"43e27e138ebf9cfc5966b082cf9a028302ed4184","hash":"bb979e68e0ab8158c3c063f2cef4c6974bb37380"}
,"/Users/diego.bustamante/Documents/capstone/exercise1/react-apprenticeship-capstone1/src/components/Header/LoginButton/index.js": {"path":"/Users/diego.bustamante/Documents/capstone/exercise1/react-apprenticeship-capstone1/src/components/Header/LoginButton/index.js","statementMap":{},"fnMap":{},"branchMap":{},"s":{},"f":{},"b":{},"_coverageSchema":"43e27e138ebf9cfc5966b082cf9a028302ed4184","hash":"5050ada5b2132910a283a14f52b3d1e52816df88"}
,"/Users/diego.bustamante/Documents/capstone/exercise1/react-apprenticeship-capstone1/src/components/Header/RigthSideHeader/RightSideHeader.component.jsx": {"path":"/Users/diego.bustamante/Documents/capstone/exercise1/react-apprenticeship-capstone1/src/components/Header/RigthSideHeader/RightSideHeader.component.jsx","statementMap":{"0":{"start":{"line":4,"column":21},"end":{"line":16,"column":1}},"1":{"start":{"line":18,"column":24},"end":{"line":20,"column":1}},"2":{"start":{"line":19,"column":2},"end":{"line":19,"column":49}}},"fnMap":{"0":{"name":"(anonymous_0)","decl":{"start":{"line":18,"column":24},"end":{"line":18,"column":25}},"loc":{"start":{"line":18,"column":42},"end":{"line":20,"column":1}},"line":18}},"branchMap":{},"s":{"0":3,"1":3,"2":3},"f":{"0":3},"b":{},"_coverageSchema":"43e27e138ebf9cfc5966b082cf9a028302ed4184","hash":"99166372b87be4b13214639611abd6bb3793ee13"}
,"/Users/diego.bustamante/Documents/capstone/exercise1/react-apprenticeship-capstone1/src/components/Header/RigthSideHeader/index.js": {"path":"/Users/diego.bustamante/Documents/capstone/exercise1/react-apprenticeship-capstone1/src/components/Header/RigthSideHeader/index.js","statementMap":{},"fnMap":{},"branchMap":{},"s":{},"f":{},"b":{},"_coverageSchema":"43e27e138ebf9cfc5966b082cf9a028302ed4184","hash":"a7b05415b60590823216df5b8ff81c27cf364499"}
,"/Users/diego.bustamante/Documents/capstone/exercise1/react-apprenticeship-capstone1/src/components/Header/SearchBar/SearchBar.component.jsx": {"path":"/Users/diego.bustamante/Documents/capstone/exercise1/react-apprenticeship-capstone1/src/components/Header/SearchBar/SearchBar.component.jsx","statementMap":{"0":{"start":{"line":4,"column":20},"end":{"line":16,"column":1}},"1":{"start":{"line":18,"column":18},"end":{"line":20,"column":1}},"2":{"start":{"line":19,"column":2},"end":{"line":19,"column":72}}},"fnMap":{"0":{"name":"(anonymous_0)","decl":{"start":{"line":18,"column":18},"end":{"line":18,"column":19}},"loc":{"start":{"line":18,"column":24},"end":{"line":20,"column":1}},"line":18}},"branchMap":{},"s":{"0":4,"1":4,"2":4},"f":{"0":4},"b":{},"_coverageSchema":"43e27e138ebf9cfc5966b082cf9a028302ed4184","hash":"8fa1bd1d5a79f5b7b8185f9fe5e0172cfe1331ed"}
,"/Users/diego.bustamante/Documents/capstone/exercise1/react-apprenticeship-capstone1/src/components/Header/SearchBar/index.js": {"path":"/Users/diego.bustamante/Documents/capstone/exercise1/react-apprenticeship-capstone1/src/components/Header/SearchBar/index.js","statementMap":{},"fnMap":{},"branchMap":{},"s":{},"f":{},"b":{},"_coverageSchema":"43e27e138ebf9cfc5966b082cf9a028302ed4184","hash":"1b8665e5c192ce28c5cce287d9f3e6f9c2334e2b"}
,"/Users/diego.bustamante/Documents/capstone/exercise1/react-apprenticeship-capstone1/src/components/Header/ThemeToggle/ThemeToggle.component.jsx": {"path":"/Users/diego.bustamante/Documents/capstone/exercise1/react-apprenticeship-capstone1/src/components/Header/ThemeToggle/ThemeToggle.component.jsx","statementMap":{"0":{"start":{"line":5,"column":14},"end":{"line":10,"column":1}},"1":{"start":{"line":12,"column":15},"end":{"line":33,"column":1}},"2":{"start":{"line":35,"column":14},"end":{"line":46,"column":1}},"3":{"start":{"line":48,"column":20},"end":{"line":62,"column":1}},"4":{"start":{"line":49,"column":32},"end":{"line":49,"column":47}},"5":{"start":{"line":51,"column":23},"end":{"line":53,"column":3}},"6":{"start":{"line":52,"column":4},"end":{"line":52,"column":33}},"7":{"start":{"line":55,"column":2},"end":{"line":61,"column":4}}},"fnMap":{"0":{"name":"(anonymous_0)","decl":{"start":{"line":48,"column":20},"end":{"line":48,"column":21}},"loc":{"start":{"line":48,"column":26},"end":{"line":62,"column":1}},"line":48},"1":{"name":"(anonymous_1)","decl":{"start":{"line":51,"column":23},"end":{"line":51,"column":24}},"loc":{"start":{"line":51,"column":30},"end":{"line":53,"column":3}},"line":51}},"branchMap":{},"s":{"0":4,"1":4,"2":4,"3":4,"4":4,"5":4,"6":0,"7":4},"f":{"0":4,"1":0},"b":{},"_coverageSchema":"43e27e138ebf9cfc5966b082cf9a028302ed4184","hash":"eafd434de1c1152a615388bdc37a1b25b34852c5"}
,"/Users/diego.bustamante/Documents/capstone/exercise1/react-apprenticeship-capstone1/src/components/Header/ThemeToggle/index.js": {"path":"/Users/diego.bustamante/Documents/capstone/exercise1/react-apprenticeship-capstone1/src/components/Header/ThemeToggle/index.js","statementMap":{},"fnMap":{},"branchMap":{},"s":{},"f":{},"b":{},"_coverageSchema":"43e27e138ebf9cfc5966b082cf9a028302ed4184","hash":"e56d33b59a8e8536c7109587fccc94c038c6466f"}
,"/Users/diego.bustamante/Documents/capstone/exercise1/react-apprenticeship-capstone1/src/pages/Home/Home.page.jsx": {"path":"/Users/diego.bustamante/Documents/capstone/exercise1/react-apprenticeship-capstone1/src/pages/Home/Home.page.jsx","statementMap":{"0":{"start":{"line":8,"column":21},"end":{"line":8,"column":33}},"1":{"start":{"line":10,"column":2},"end":{"line":17,"column":4}}},"fnMap":{"0":{"name":"HomePage","decl":{"start":{"line":7,"column":9},"end":{"line":7,"column":17}},"loc":{"start":{"line":7,"column":20},"end":{"line":18,"column":1}},"line":7}},"branchMap":{},"s":{"0":1,"1":1},"f":{"0":1},"b":{},"_coverageSchema":"43e27e138ebf9cfc5966b082cf9a028302ed4184","hash":"78e7487531571e312eea85cf5a477fafa8bf41df"}
,"/Users/diego.bustamante/Documents/capstone/exercise1/react-apprenticeship-capstone1/src/pages/Home/index.js": {"path":"/Users/diego.bustamante/Documents/capstone/exercise1/react-apprenticeship-capstone1/src/pages/Home/index.js","statementMap":{},"fnMap":{},"branchMap":{},"s":{},"f":{},"b":{},"_coverageSchema":"43e27e138ebf9cfc5966b082cf9a028302ed4184","hash":"d92b58d9cbc08fa34391e2d2daa87b37572c3334"}
}
