TN:
SF:/Users/diego.bustamante/Documents/capstone/exercise1/react-apprenticeship-capstone1/src/index.js
FNF:0
FNH:0
DA:7,0
LF:1
LH:0
BRF:0
BRH:0
end_of_record
TN:
SF:/Users/diego.bustamante/Documents/capstone/exercise1/react-apprenticeship-capstone1/src/components/App/App.component.jsx
FN:6,App
FNF:1
FNH:0
FNDA:0,App
DA:7,0
LF:1
LH:0
BRF:0
BRH:0
end_of_record
TN:
SF:/Users/diego.bustamante/Documents/capstone/exercise1/react-apprenticeship-capstone1/src/components/App/index.js
FNF:0
FNH:0
LF:0
LH:0
BRF:0
BRH:0
end_of_record
TN:
SF:/Users/diego.bustamante/Documents/capstone/exercise1/react-apprenticeship-capstone1/src/components/Content/Content.component.jsx
FN:12,(anonymous_0)
FNF:1
FNH:1
FNDA:2,(anonymous_0)
DA:4,2
DA:12,2
DA:13,2
LF:3
LH:3
BRF:0
BRH:0
end_of_record
TN:
SF:/Users/diego.bustamante/Documents/capstone/exercise1/react-apprenticeship-capstone1/src/components/Content/index.js
FNF:0
FNH:0
LF:0
LH:0
BRF:0
BRH:0
end_of_record
TN:
SF:/Users/diego.bustamante/Documents/capstone/exercise1/react-apprenticeship-capstone1/src/components/Content/ListPreviewVideo/ListPreviewVideo.component.jsx
FN:14,(anonymous_0)
FN:17,(anonymous_1)
FN:18,(anonymous_2)
FN:28,(anonymous_3)
FNF:4
FNH:4
FNDA:3,(anonymous_0)
FNDA:2,(anonymous_1)
FNDA:2,(anonymous_2)
FNDA:24,(anonymous_3)
DA:5,2
DA:14,2
DA:15,3
DA:17,3
DA:18,2
DA:19,2
DA:20,1
DA:21,1
DA:25,3
DA:29,24
LF:10
LH:10
BRDA:27,0,0,1
BRDA:27,0,1,2
BRF:2
BRH:2
end_of_record
TN:
SF:/Users/diego.bustamante/Documents/capstone/exercise1/react-apprenticeship-capstone1/src/components/Content/ListPreviewVideo/index.js
FNF:0
FNH:0
LF:0
LH:0
BRF:0
BRH:0
end_of_record
TN:
SF:/Users/diego.bustamante/Documents/capstone/exercise1/react-apprenticeship-capstone1/src/components/Content/ListPreviewVideo/PreviewVideoCard/PreviewVideoCard.component.jsx
FN:43,(anonymous_0)
FNF:1
FNH:1
FNDA:25,(anonymous_0)
DA:4,3
DA:43,3
DA:44,25
LF:3
LH:3
BRF:0
BRH:0
end_of_record
TN:
SF:/Users/diego.bustamante/Documents/capstone/exercise1/react-apprenticeship-capstone1/src/components/Content/ListPreviewVideo/PreviewVideoCard/index.js
FNF:0
FNH:0
LF:0
LH:0
BRF:0
BRH:0
end_of_record
TN:
SF:/Users/diego.bustamante/Documents/capstone/exercise1/react-apprenticeship-capstone1/src/components/Header/Header.component.jsx
FN:22,(anonymous_0)
FNF:1
FNH:1
FNDA:2,(anonymous_0)
DA:10,2
DA:22,2
DA:23,2
LF:3
LH:3
BRF:0
BRH:0
end_of_record
TN:
SF:/Users/diego.bustamante/Documents/capstone/exercise1/react-apprenticeship-capstone1/src/components/Header/index.js
FNF:0
FNH:0
LF:0
LH:0
BRF:0
BRH:0
end_of_record
TN:
SF:/Users/diego.bustamante/Documents/capstone/exercise1/react-apprenticeship-capstone1/src/components/Header/BurgerMenu/BurgerMenu.component.jsx
FN:11,(anonymous_0)
FNF:1
FNH:1
FNDA:4,(anonymous_0)
DA:5,4
DA:11,4
DA:12,4
LF:3
LH:3
BRF:0
BRH:0
end_of_record
TN:
SF:/Users/diego.bustamante/Documents/capstone/exercise1/react-apprenticeship-capstone1/src/components/Header/BurgerMenu/index.js
FNF:0
FNH:0
LF:0
LH:0
BRF:0
BRH:0
end_of_record
TN:
SF:/Users/diego.bustamante/Documents/capstone/exercise1/react-apprenticeship-capstone1/src/components/Header/LeftSideHeader/LeftSideHeader.component.jsx
FN:22,(anonymous_0)
FNF:1
FNH:1
FNDA:3,(anonymous_0)
DA:4,3
DA:22,3
DA:23,3
LF:3
LH:3
BRF:0
BRH:0
end_of_record
TN:
SF:/Users/diego.bustamante/Documents/capstone/exercise1/react-apprenticeship-capstone1/src/components/Header/LeftSideHeader/index.js
FNF:0
FNH:0
LF:0
LH:0
BRF:0
BRH:0
end_of_record
TN:
SF:/Users/diego.bustamante/Documents/capstone/exercise1/react-apprenticeship-capstone1/src/components/Header/LoginButton/LoginButton.component.jsx
FN:11,(anonymous_0)
FNF:1
FNH:1
FNDA:4,(anonymous_0)
DA:5,4
DA:11,4
DA:12,4
LF:3
LH:3
BRF:0
BRH:0
end_of_record
TN:
SF:/Users/diego.bustamante/Documents/capstone/exercise1/react-apprenticeship-capstone1/src/components/Header/LoginButton/index.js
FNF:0
FNH:0
LF:0
LH:0
BRF:0
BRH:0
end_of_record
TN:
SF:/Users/diego.bustamante/Documents/capstone/exercise1/react-apprenticeship-capstone1/src/components/Header/RigthSideHeader/RightSideHeader.component.jsx
FN:18,(anonymous_0)
FNF:1
FNH:1
FNDA:3,(anonymous_0)
DA:4,3
DA:18,3
DA:19,3
LF:3
LH:3
BRF:0
BRH:0
end_of_record
TN:
SF:/Users/diego.bustamante/Documents/capstone/exercise1/react-apprenticeship-capstone1/src/components/Header/RigthSideHeader/index.js
FNF:0
FNH:0
LF:0
LH:0
BRF:0
BRH:0
end_of_record
TN:
SF:/Users/diego.bustamante/Documents/capstone/exercise1/react-apprenticeship-capstone1/src/components/Header/SearchBar/SearchBar.component.jsx
FN:18,(anonymous_0)
FNF:1
FNH:1
FNDA:4,(anonymous_0)
DA:4,4
DA:18,4
DA:19,4
LF:3
LH:3
BRF:0
BRH:0
end_of_record
TN:
SF:/Users/diego.bustamante/Documents/capstone/exercise1/react-apprenticeship-capstone1/src/components/Header/SearchBar/index.js
FNF:0
FNH:0
LF:0
LH:0
BRF:0
BRH:0
end_of_record
TN:
SF:/Users/diego.bustamante/Documents/capstone/exercise1/react-apprenticeship-capstone1/src/components/Header/ThemeToggle/ThemeToggle.component.jsx
FN:48,(anonymous_0)
FN:51,(anonymous_1)
FNF:2
FNH:1
FNDA:4,(anonymous_0)
FNDA:0,(anonymous_1)
DA:5,4
DA:12,4
DA:35,4
DA:48,4
DA:49,4
DA:51,4
DA:52,0
DA:55,4
LF:8
LH:7
BRF:0
BRH:0
end_of_record
TN:
SF:/Users/diego.bustamante/Documents/capstone/exercise1/react-apprenticeship-capstone1/src/components/Header/ThemeToggle/index.js
FNF:0
FNH:0
LF:0
LH:0
BRF:0
BRH:0
end_of_record
TN:
SF:/Users/diego.bustamante/Documents/capstone/exercise1/react-apprenticeship-capstone1/src/pages/Home/Home.page.jsx
FN:7,HomePage
FNF:1
FNH:1
FNDA:1,HomePage
DA:8,1
DA:10,1
LF:2
LH:2
BRF:0
BRH:0
end_of_record
TN:
SF:/Users/diego.bustamante/Documents/capstone/exercise1/react-apprenticeship-capstone1/src/pages/Home/index.js
FNF:0
FNH:0
LF:0
LH:0
BRF:0
BRH:0
end_of_record
