TN:
SF:/Users/diego.bustamante/Documents/capstone/exercise1/react-apprenticeship-capstone1/src/index.js
FNF:0
FNH:0
DA:7,0
LF:1
LH:0
BRF:0
BRH:0
end_of_record
TN:
SF:/Users/diego.bustamante/Documents/capstone/exercise1/react-apprenticeship-capstone1/src/components/App/App.component.jsx
FN:7,App
FNF:1
FNH:0
FNDA:0,App
DA:8,0
DA:9,0
LF:2
LH:0
BRF:0
BRH:0
end_of_record
TN:
SF:/Users/diego.bustamante/Documents/capstone/exercise1/react-apprenticeship-capstone1/src/components/App/index.js
FNF:0
FNH:0
LF:0
LH:0
BRF:0
BRH:0
end_of_record
TN:
SF:/Users/diego.bustamante/Documents/capstone/exercise1/react-apprenticeship-capstone1/src/components/Content/Content.component.jsx
FN:4,(anonymous_0)
FNF:1
FNH:1
FNDA:2,(anonymous_0)
DA:4,2
DA:5,2
LF:2
LH:2
BRF:0
BRH:0
end_of_record
TN:
SF:/Users/diego.bustamante/Documents/capstone/exercise1/react-apprenticeship-capstone1/src/components/Content/Content.styles.js
FNF:0
FNH:0
DA:3,2
LF:1
LH:1
BRF:0
BRH:0
end_of_record
TN:
SF:/Users/diego.bustamante/Documents/capstone/exercise1/react-apprenticeship-capstone1/src/components/Content/index.js
FNF:0
FNH:0
LF:0
LH:0
BRF:0
BRH:0
end_of_record
TN:
SF:/Users/diego.bustamante/Documents/capstone/exercise1/react-apprenticeship-capstone1/src/components/Content/ListPreviewVideo/ListPreviewVideo.component.jsx
FN:7,(anonymous_0)
FN:22,(anonymous_1)
FNF:2
FNH:2
FNDA:3,(anonymous_0)
FNDA:25,(anonymous_1)
DA:7,2
DA:8,3
DA:11,3
DA:12,2
DA:20,1
DA:23,25
LF:6
LH:6
BRDA:11,0,0,2
BRDA:11,0,1,1
BRF:2
BRH:2
end_of_record
TN:
SF:/Users/diego.bustamante/Documents/capstone/exercise1/react-apprenticeship-capstone1/src/components/Content/ListPreviewVideo/ListPreviewVideo.styles.js
FNF:0
FNH:0
DA:3,2
LF:1
LH:1
BRF:0
BRH:0
end_of_record
TN:
SF:/Users/diego.bustamante/Documents/capstone/exercise1/react-apprenticeship-capstone1/src/components/Content/ListPreviewVideo/index.js
FNF:0
FNH:0
LF:0
LH:0
BRF:0
BRH:0
end_of_record
TN:
SF:/Users/diego.bustamante/Documents/capstone/exercise1/react-apprenticeship-capstone1/src/components/Content/ListPreviewVideo/PreviewVideoCard/PreviewVideoCard.component.jsx
FN:4,(anonymous_0)
FNF:1
FNH:1
FNDA:26,(anonymous_0)
DA:4,3
DA:5,26
DA:6,26
DA:7,26
LF:4
LH:4
BRF:0
BRH:0
end_of_record
TN:
SF:/Users/diego.bustamante/Documents/capstone/exercise1/react-apprenticeship-capstone1/src/components/Content/ListPreviewVideo/PreviewVideoCard/PreviewVideoCard.styles.js
FNF:0
FNH:0
DA:4,3
LF:1
LH:1
BRF:0
BRH:0
end_of_record
TN:
SF:/Users/diego.bustamante/Documents/capstone/exercise1/react-apprenticeship-capstone1/src/components/Content/ListPreviewVideo/PreviewVideoCard/index.js
FNF:0
FNH:0
LF:0
LH:0
BRF:0
BRH:0
end_of_record
TN:
SF:/Users/diego.bustamante/Documents/capstone/exercise1/react-apprenticeship-capstone1/src/components/Header/Header.component.jsx
FN:10,(anonymous_0)
FNF:1
FNH:1
FNDA:1,(anonymous_0)
DA:10,1
DA:11,1
DA:13,1
LF:3
LH:3
BRF:0
BRH:0
end_of_record
TN:
SF:/Users/diego.bustamante/Documents/capstone/exercise1/react-apprenticeship-capstone1/src/components/Header/Header.styles.js
FNF:0
FNH:0
DA:3,1
LF:1
LH:1
BRF:0
BRH:0
end_of_record
TN:
SF:/Users/diego.bustamante/Documents/capstone/exercise1/react-apprenticeship-capstone1/src/components/Header/index.js
FNF:0
FNH:0
LF:0
LH:0
BRF:0
BRH:0
end_of_record
TN:
SF:/Users/diego.bustamante/Documents/capstone/exercise1/react-apprenticeship-capstone1/src/components/Header/BurgerMenu/BurgerMenu.component.jsx
FN:4,(anonymous_0)
FNF:1
FNH:1
FNDA:3,(anonymous_0)
DA:4,3
DA:5,3
LF:2
LH:2
BRF:0
BRH:0
end_of_record
TN:
SF:/Users/diego.bustamante/Documents/capstone/exercise1/react-apprenticeship-capstone1/src/components/Header/BurgerMenu/BurgerMenu.styles.js
FNF:0
FNH:0
DA:4,3
LF:1
LH:1
BRF:0
BRH:0
end_of_record
TN:
SF:/Users/diego.bustamante/Documents/capstone/exercise1/react-apprenticeship-capstone1/src/components/Header/BurgerMenu/index.js
FNF:0
FNH:0
LF:0
LH:0
BRF:0
BRH:0
end_of_record
TN:
SF:/Users/diego.bustamante/Documents/capstone/exercise1/react-apprenticeship-capstone1/src/components/Header/LeftSideHeader/LeftSideHeader.component.jsx
FN:4,(anonymous_0)
FNF:1
FNH:1
FNDA:2,(anonymous_0)
DA:4,2
DA:5,2
LF:2
LH:2
BRF:0
BRH:0
end_of_record
TN:
SF:/Users/diego.bustamante/Documents/capstone/exercise1/react-apprenticeship-capstone1/src/components/Header/LeftSideHeader/LeftSideHeader.styles.js
FNF:0
FNH:0
DA:3,2
LF:1
LH:1
BRF:0
BRH:0
end_of_record
TN:
SF:/Users/diego.bustamante/Documents/capstone/exercise1/react-apprenticeship-capstone1/src/components/Header/LeftSideHeader/index.js
FNF:0
FNH:0
LF:0
LH:0
BRF:0
BRH:0
end_of_record
TN:
SF:/Users/diego.bustamante/Documents/capstone/exercise1/react-apprenticeship-capstone1/src/components/Header/LoginButton/LoginButton.component.jsx
FN:4,(anonymous_0)
FNF:1
FNH:1
FNDA:3,(anonymous_0)
DA:4,3
DA:5,3
LF:2
LH:2
BRF:0
BRH:0
end_of_record
TN:
SF:/Users/diego.bustamante/Documents/capstone/exercise1/react-apprenticeship-capstone1/src/components/Header/LoginButton/LoginButton.styles.js
FNF:0
FNH:0
DA:4,3
LF:1
LH:1
BRF:0
BRH:0
end_of_record
TN:
SF:/Users/diego.bustamante/Documents/capstone/exercise1/react-apprenticeship-capstone1/src/components/Header/LoginButton/index.js
FNF:0
FNH:0
LF:0
LH:0
BRF:0
BRH:0
end_of_record
TN:
SF:/Users/diego.bustamante/Documents/capstone/exercise1/react-apprenticeship-capstone1/src/components/Header/RigthSideHeader/RIghtSideHeader.styles.js
FNF:0
FNH:0
DA:3,2
LF:1
LH:1
BRF:0
BRH:0
end_of_record
TN:
SF:/Users/diego.bustamante/Documents/capstone/exercise1/react-apprenticeship-capstone1/src/components/Header/RigthSideHeader/RightSideHeader.component.jsx
FN:4,(anonymous_0)
FNF:1
FNH:1
FNDA:2,(anonymous_0)
DA:4,2
DA:5,2
LF:2
LH:2
BRF:0
BRH:0
end_of_record
TN:
SF:/Users/diego.bustamante/Documents/capstone/exercise1/react-apprenticeship-capstone1/src/components/Header/RigthSideHeader/index.js
FNF:0
FNH:0
LF:0
LH:0
BRF:0
BRH:0
end_of_record
TN:
SF:/Users/diego.bustamante/Documents/capstone/exercise1/react-apprenticeship-capstone1/src/components/Header/SearchBar/SearchBar.component.jsx
FN:5,(anonymous_0)
FN:10,(anonymous_1)
FN:14,(anonymous_2)
FN:26,(anonymous_3)
FN:27,(anonymous_4)
FNF:5
FNH:1
FNDA:3,(anonymous_0)
FNDA:0,(anonymous_1)
FNDA:0,(anonymous_2)
FNDA:0,(anonymous_3)
FNDA:0,(anonymous_4)
DA:5,3
DA:6,3
DA:8,3
DA:10,3
DA:11,0
DA:14,3
DA:15,0
DA:16,0
DA:17,0
DA:21,3
DA:26,0
DA:27,0
LF:12
LH:6
BRDA:15,0,0,0
BRDA:15,0,1,0
BRF:2
BRH:0
end_of_record
TN:
SF:/Users/diego.bustamante/Documents/capstone/exercise1/react-apprenticeship-capstone1/src/components/Header/SearchBar/SearchBar.styles.js
FNF:0
FNH:0
DA:2,3
LF:1
LH:1
BRF:0
BRH:0
end_of_record
TN:
SF:/Users/diego.bustamante/Documents/capstone/exercise1/react-apprenticeship-capstone1/src/components/Header/SearchBar/index.js
FNF:0
FNH:0
LF:0
LH:0
BRF:0
BRH:0
end_of_record
TN:
SF:/Users/diego.bustamante/Documents/capstone/exercise1/react-apprenticeship-capstone1/src/components/Header/ThemeToggle/ThemeToggle.component.jsx
FN:5,(anonymous_0)
FN:8,(anonymous_1)
FNF:2
FNH:1
FNDA:3,(anonymous_0)
FNDA:0,(anonymous_1)
DA:5,3
DA:6,3
DA:8,3
DA:9,0
DA:12,3
LF:5
LH:4
BRF:0
BRH:0
end_of_record
TN:
SF:/Users/diego.bustamante/Documents/capstone/exercise1/react-apprenticeship-capstone1/src/components/Header/ThemeToggle/ThemeToggle.styles.js
FNF:0
FNH:0
DA:3,3
DA:10,3
DA:33,3
LF:3
LH:3
BRF:0
BRH:0
end_of_record
TN:
SF:/Users/diego.bustamante/Documents/capstone/exercise1/react-apprenticeship-capstone1/src/components/Header/ThemeToggle/index.js
FNF:0
FNH:0
LF:0
LH:0
BRF:0
BRH:0
end_of_record
TN:
SF:/Users/diego.bustamante/Documents/capstone/exercise1/react-apprenticeship-capstone1/src/components/VideoDetailContent/VideoDetailContent.component.jsx
FN:8,(anonymous_0)
FNF:1
FNH:1
FNDA:2,(anonymous_0)
DA:8,2
DA:9,2
LF:2
LH:2
BRF:0
BRH:0
end_of_record
TN:
SF:/Users/diego.bustamante/Documents/capstone/exercise1/react-apprenticeship-capstone1/src/components/VideoDetailContent/VideoDetailContent.styles.js
FNF:0
FNH:0
DA:3,2
LF:1
LH:1
BRF:0
BRH:0
end_of_record
TN:
SF:/Users/diego.bustamante/Documents/capstone/exercise1/react-apprenticeship-capstone1/src/components/VideoDetailContent/index.js
FNF:0
FNH:0
LF:0
LH:0
BRF:0
BRH:0
end_of_record
TN:
SF:/Users/diego.bustamante/Documents/capstone/exercise1/react-apprenticeship-capstone1/src/components/VideoDetailContent/LeftSideContent/LeftSideContent.component.jsx
FN:4,(anonymous_0)
FNF:1
FNH:1
FNDA:3,(anonymous_0)
DA:4,3
DA:5,3
LF:2
LH:2
BRF:0
BRH:0
end_of_record
TN:
SF:/Users/diego.bustamante/Documents/capstone/exercise1/react-apprenticeship-capstone1/src/components/VideoDetailContent/LeftSideContent/LeftSideContent.styles.js
FNF:0
FNH:0
DA:3,3
LF:1
LH:1
BRF:0
BRH:0
end_of_record
TN:
SF:/Users/diego.bustamante/Documents/capstone/exercise1/react-apprenticeship-capstone1/src/components/VideoDetailContent/LeftSideContent/index.js
FNF:0
FNH:0
LF:0
LH:0
BRF:0
BRH:0
end_of_record
TN:
SF:/Users/diego.bustamante/Documents/capstone/exercise1/react-apprenticeship-capstone1/src/components/VideoDetailContent/ListRelatedVideos/ListRelatedVideos.component.jsx
FN:8,(anonymous_0)
FN:30,(anonymous_1)
FNF:2
FNH:2
FNDA:8,(anonymous_0)
FNDA:100,(anonymous_1)
DA:8,4
DA:9,8
DA:10,8
DA:11,8
DA:17,8
DA:18,4
DA:28,4
DA:31,100
LF:8
LH:8
BRDA:10,0,0,8
BRDA:10,0,1,6
BRDA:17,1,0,4
BRDA:17,1,1,4
BRF:4
BRH:4
end_of_record
TN:
SF:/Users/diego.bustamante/Documents/capstone/exercise1/react-apprenticeship-capstone1/src/components/VideoDetailContent/ListRelatedVideos/ListRelatedVideos.styles.js
FNF:0
FNH:0
DA:3,4
LF:1
LH:1
BRF:0
BRH:0
end_of_record
TN:
SF:/Users/diego.bustamante/Documents/capstone/exercise1/react-apprenticeship-capstone1/src/components/VideoDetailContent/ListRelatedVideos/index.js
FNF:0
FNH:0
LF:0
LH:0
BRF:0
BRH:0
end_of_record
TN:
SF:/Users/diego.bustamante/Documents/capstone/exercise1/react-apprenticeship-capstone1/src/components/VideoDetailContent/ListRelatedVideos/MiniVideoCard/MiniVideoCard.component.jsx
FN:4,(anonymous_0)
FNF:1
FNH:1
FNDA:101,(anonymous_0)
DA:4,5
DA:5,101
DA:6,101
DA:7,101
DA:8,101
LF:5
LH:5
BRDA:6,0,0,0
BRDA:6,0,1,101
BRF:2
BRH:1
end_of_record
TN:
SF:/Users/diego.bustamante/Documents/capstone/exercise1/react-apprenticeship-capstone1/src/components/VideoDetailContent/ListRelatedVideos/MiniVideoCard/MiniVideoCard.styles.js
FNF:0
FNH:0
DA:4,5
LF:1
LH:1
BRF:0
BRH:0
end_of_record
TN:
SF:/Users/diego.bustamante/Documents/capstone/exercise1/react-apprenticeship-capstone1/src/components/VideoDetailContent/ListRelatedVideos/MiniVideoCard/index.js
FNF:0
FNH:0
LF:0
LH:0
BRF:0
BRH:0
end_of_record
TN:
SF:/Users/diego.bustamante/Documents/capstone/exercise1/react-apprenticeship-capstone1/src/components/VideoDetailContent/RightSideContent/RightSideContent.component.jsx
FN:4,(anonymous_0)
FNF:1
FNH:1
FNDA:3,(anonymous_0)
DA:4,3
DA:5,3
LF:2
LH:2
BRF:0
BRH:0
end_of_record
TN:
SF:/Users/diego.bustamante/Documents/capstone/exercise1/react-apprenticeship-capstone1/src/components/VideoDetailContent/RightSideContent/RightSideContent.styles.js
FNF:0
FNH:0
DA:3,3
LF:1
LH:1
BRF:0
BRH:0
end_of_record
TN:
SF:/Users/diego.bustamante/Documents/capstone/exercise1/react-apprenticeship-capstone1/src/components/VideoDetailContent/RightSideContent/index.js
FNF:0
FNH:0
LF:0
LH:0
BRF:0
BRH:0
end_of_record
TN:
SF:/Users/diego.bustamante/Documents/capstone/exercise1/react-apprenticeship-capstone1/src/components/VideoDetailContent/VideoReproducer/VideoReproducer.component.jsx
FN:7,(anonymous_0)
FNF:1
FNH:1
FNDA:8,(anonymous_0)
DA:7,4
DA:8,8
DA:9,8
DA:10,8
DA:14,8
DA:15,4
DA:17,4
LF:7
LH:7
BRDA:9,0,0,8
BRDA:9,0,1,8
BRDA:14,1,0,4
BRDA:14,1,1,4
BRF:4
BRH:4
end_of_record
TN:
SF:/Users/diego.bustamante/Documents/capstone/exercise1/react-apprenticeship-capstone1/src/components/VideoDetailContent/VideoReproducer/VideoReproducer.styles.js
FNF:0
FNH:0
DA:3,4
DA:25,4
LF:2
LH:2
BRF:0
BRH:0
end_of_record
TN:
SF:/Users/diego.bustamante/Documents/capstone/exercise1/react-apprenticeship-capstone1/src/components/VideoDetailContent/VideoReproducer/index.js
FNF:0
FNH:0
LF:0
LH:0
BRF:0
BRH:0
end_of_record
TN:
SF:/Users/diego.bustamante/Documents/capstone/exercise1/react-apprenticeship-capstone1/src/pages/Home/Home.page.jsx
FN:5,HomePage
FNF:1
FNH:1
FNDA:1,HomePage
DA:6,1
LF:1
LH:1
BRF:0
BRH:0
end_of_record
TN:
SF:/Users/diego.bustamante/Documents/capstone/exercise1/react-apprenticeship-capstone1/src/pages/Home/index.js
FNF:0
FNH:0
LF:0
LH:0
BRF:0
BRH:0
end_of_record
TN:
SF:/Users/diego.bustamante/Documents/capstone/exercise1/react-apprenticeship-capstone1/src/pages/VideoDetail/VideoDetail.page.jsx
FN:5,VideoDetail
FNF:1
FNH:1
FNDA:1,VideoDetail
DA:6,1
DA:7,1
LF:2
LH:2
BRF:0
BRH:0
end_of_record
TN:
SF:/Users/diego.bustamante/Documents/capstone/exercise1/react-apprenticeship-capstone1/src/pages/VideoDetail/index.js
FNF:0
FNH:0
LF:0
LH:0
BRF:0
BRH:0
end_of_record
TN:
SF:/Users/diego.bustamante/Documents/capstone/exercise1/react-apprenticeship-capstone1/src/utils/youtube.js
FN:5,(anonymous_0)
FN:9,(anonymous_1)
FN:13,(anonymous_2)
FNF:3
FNH:3
FNDA:3,(anonymous_0)
FNDA:8,(anonymous_1)
FNDA:8,(anonymous_2)
DA:5,8
DA:6,3
DA:9,8
DA:10,8
DA:13,8
DA:14,8
LF:6
LH:6
BRF:0
BRH:0
end_of_record
TN:
SF:/Users/diego.bustamante/Documents/capstone/exercise1/react-apprenticeship-capstone1/src/utils/hooks/useFetch.js
FN:3,useFetch
FN:6,(anonymous_1)
FN:7,(anonymous_2)
FNF:3
FNH:3
FNDA:19,useFetch
FNDA:10,(anonymous_1)
FNDA:10,(anonymous_2)
DA:4,19
DA:6,19
DA:7,10
DA:8,10
DA:9,9
DA:10,9
DA:14,19
LF:7
LH:7
BRF:0
BRH:0
end_of_record
